<?xml version="1.0" encoding="UTF-8"?>
<testrun name="RegistryImplTest" project="JWP" tests="30" started="30" failures="1" errors="1" ignored="0">
  <testsuite name="jmonkey.export.RegistryImplTest" time="0.064">
    <testcase name="test_RegistryImpl1_Null" classname="jmonkey.export.RegistryImplTest" time="0.0"/>
    <testcase name="test_RegistryImpl1_valid" classname="jmonkey.export.RegistryImplTest" time="0.0"/>
    <testcase name="test_RegistryImpl2_emptyFile" classname="jmonkey.export.RegistryImplTest" time="0.001"/>
    <testcase name="test_RegistryImpl2_invalidVersion" classname="jmonkey.export.RegistryImplTest" time="0.001"/>
    <testcase name="test_toString" classname="jmonkey.export.RegistryImplTest" time="0.022"/>
    <testcase name="test_commit" classname="jmonkey.export.RegistryImplTest" time="0.003"/>
    <testcase name="test_revert" classname="jmonkey.export.RegistryImplTest" time="0.001"/>
    <testcase name="test_stringToVersion_valid" classname="jmonkey.export.RegistryImplTest" time="0.009"/>
    <testcase name="test_stringToVersion_null" classname="jmonkey.export.RegistryImplTest" time="0.009">
      <failure>java.lang.AssertionError: unexpected IllegalArgumentException in test_stringToVersion
	at org.junit.Assert.fail(Assert.java:91)
	at jmonkey.export.RegistryImplTest.test_stringToVersion_null(RegistryImplTest.java:142)
	at sun.reflect.NativeMethodAccessorImpl.invoke0(Native Method)
	at sun.reflect.NativeMethodAccessorImpl.invoke(NativeMethodAccessorImpl.java:39)
	at sun.reflect.DelegatingMethodAccessorImpl.invoke(DelegatingMethodAccessorImpl.java:25)
	at java.lang.reflect.Method.invoke(Method.java:597)
	at org.junit.runners.model.FrameworkMethod$1.runReflectiveCall(FrameworkMethod.java:44)
	at org.junit.internal.runners.model.ReflectiveCallable.run(ReflectiveCallable.java:15)
	at org.junit.runners.model.FrameworkMethod.invokeExplosively(FrameworkMethod.java:41)
	at org.junit.internal.runners.statements.InvokeMethod.evaluate(InvokeMethod.java:20)
	at org.junit.runners.BlockJUnit4ClassRunner.runNotIgnored(BlockJUnit4ClassRunner.java:79)
	at org.junit.runners.BlockJUnit4ClassRunner.runChild(BlockJUnit4ClassRunner.java:71)
	at org.junit.runners.BlockJUnit4ClassRunner.runChild(BlockJUnit4ClassRunner.java:49)
	at org.junit.runners.ParentRunner$3.run(ParentRunner.java:193)
	at org.junit.runners.ParentRunner$1.schedule(ParentRunner.java:52)
	at org.junit.runners.ParentRunner.runChildren(ParentRunner.java:191)
	at org.junit.runners.ParentRunner.access$000(ParentRunner.java:42)
	at org.junit.runners.ParentRunner$2.evaluate(ParentRunner.java:184)
	at org.junit.runners.ParentRunner.run(ParentRunner.java:236)
	at org.eclipse.jdt.internal.junit4.runner.JUnit4TestReference.run(JUnit4TestReference.java:50)
	at org.eclipse.jdt.internal.junit.runner.TestExecution.run(TestExecution.java:38)
	at org.eclipse.jdt.internal.junit.runner.RemoteTestRunner.runTests(RemoteTestRunner.java:467)
	at org.eclipse.jdt.internal.junit.runner.RemoteTestRunner.runTests(RemoteTestRunner.java:683)
	at org.eclipse.jdt.internal.junit.runner.RemoteTestRunner.run(RemoteTestRunner.java:390)
	at org.eclipse.jdt.internal.junit.runner.RemoteTestRunner.main(RemoteTestRunner.java:197)

</failure>
    </testcase>
    <testcase name="test_versionToString_valid" classname="jmonkey.export.RegistryImplTest" time="0.0"/>
    <testcase name="test_checkVersion_valid" classname="jmonkey.export.RegistryImplTest" time="0.0"/>
    <testcase name="test_checkVersion_invalid" classname="jmonkey.export.RegistryImplTest" time="0.001"/>
    <testcase name="test_setBasicProperty_valid" classname="jmonkey.export.RegistryImplTest" time="0.001"/>
    <testcase name="test_setBasicProperty_invalidValue" classname="jmonkey.export.RegistryImplTest" time="0.0"/>
    <testcase name="test_getBasicProperty_missingKey" classname="jmonkey.export.RegistryImplTest" time="0.0"/>
    <testcase name="test_isArrayType" classname="jmonkey.export.RegistryImplTest" time="0.001"/>
    <testcase name="test_isArrayType_nullGroup" classname="jmonkey.export.RegistryImplTest" time="0.0"/>
    <testcase name="test_isArrayType_nullKey" classname="jmonkey.export.RegistryImplTest" time="0.0"/>
    <testcase name="test_getType" classname="jmonkey.export.RegistryImplTest" time="0.001"/>
    <testcase name="test_getType_nullGroup" classname="jmonkey.export.RegistryImplTest" time="0.0"/>
    <testcase name="test_getType_nullKey" classname="jmonkey.export.RegistryImplTest" time="0.0"/>
    <testcase name="test_typeToMarker_valid" classname="jmonkey.export.RegistryImplTest" time="0.0"/>
    <testcase name="test_typeToMarker_invalid" classname="jmonkey.export.RegistryImplTest" time="0.001"/>
    <testcase name="test_markerToType_valid" classname="jmonkey.export.RegistryImplTest" time="0.0"/>
    <testcase name="test_markerToType_invalid" classname="jmonkey.export.RegistryImplTest" time="0.0"/>
    <testcase name="test_markerToType_null" classname="jmonkey.export.RegistryImplTest" time="0.001">
      <error>java.lang.NullPointerException
	at jmonkey.export.RegistryImpl.markerToType(RegistryImpl.java:434)
	at jmonkey.export.RegistryImplTest.test_markerToType_null(RegistryImplTest.java:486)
	at sun.reflect.NativeMethodAccessorImpl.invoke0(Native Method)
	at sun.reflect.NativeMethodAccessorImpl.invoke(NativeMethodAccessorImpl.java:39)
	at sun.reflect.DelegatingMethodAccessorImpl.invoke(DelegatingMethodAccessorImpl.java:25)
	at java.lang.reflect.Method.invoke(Method.java:597)
	at org.junit.runners.model.FrameworkMethod$1.runReflectiveCall(FrameworkMethod.java:44)
	at org.junit.internal.runners.model.ReflectiveCallable.run(ReflectiveCallable.java:15)
	at org.junit.runners.model.FrameworkMethod.invokeExplosively(FrameworkMethod.java:41)
	at org.junit.internal.runners.statements.InvokeMethod.evaluate(InvokeMethod.java:20)
	at org.junit.runners.BlockJUnit4ClassRunner.runNotIgnored(BlockJUnit4ClassRunner.java:79)
	at org.junit.runners.BlockJUnit4ClassRunner.runChild(BlockJUnit4ClassRunner.java:71)
	at org.junit.runners.BlockJUnit4ClassRunner.runChild(BlockJUnit4ClassRunner.java:49)
	at org.junit.runners.ParentRunner$3.run(ParentRunner.java:193)
	at org.junit.runners.ParentRunner$1.schedule(ParentRunner.java:52)
	at org.junit.runners.ParentRunner.runChildren(ParentRunner.java:191)
	at org.junit.runners.ParentRunner.access$000(ParentRunner.java:42)
	at org.junit.runners.ParentRunner$2.evaluate(ParentRunner.java:184)
	at org.junit.runners.ParentRunner.run(ParentRunner.java:236)
	at org.eclipse.jdt.internal.junit4.runner.JUnit4TestReference.run(JUnit4TestReference.java:50)
	at org.eclipse.jdt.internal.junit.runner.TestExecution.run(TestExecution.java:38)
	at org.eclipse.jdt.internal.junit.runner.RemoteTestRunner.runTests(RemoteTestRunner.java:467)
	at org.eclipse.jdt.internal.junit.runner.RemoteTestRunner.runTests(RemoteTestRunner.java:683)
	at org.eclipse.jdt.internal.junit.runner.RemoteTestRunner.run(RemoteTestRunner.java:390)
	at org.eclipse.jdt.internal.junit.runner.RemoteTestRunner.main(RemoteTestRunner.java:197)

</error>
    </testcase>
    <testcase name="test_encode_valid" classname="jmonkey.export.RegistryImplTest" time="0.007"/>
    <testcase name="test_encode_null" classname="jmonkey.export.RegistryImplTest" time="0.0"/>
    <testcase name="test_decode_valid" classname="jmonkey.export.RegistryImplTest" time="0.003"/>
    <testcase name="test_decode_null" classname="jmonkey.export.RegistryImplTest" time="0.001"/>
  </testsuite>
</testrun>
