<?xml version="1.0" encoding="UTF-8"?>
<testrun name="com" project="JWP" tests="51" started="51" failures="1" errors="18" ignored="0">
  <testsuite name="jmonkey.office.jwp.DocumentFrameTest" time="0.228">
    <testcase name="testConstruction" classname="jmonkey.office.jwp.DocumentFrameTest" time="0.228">
      <error>java.lang.NoClassDefFoundError: jmonkey/office/jwp/support/EditorActionManager
	at java.lang.Class.getDeclaredMethods0(Native Method)
	at java.lang.Class.privateGetDeclaredMethods(Class.java:2475)
	at java.lang.Class.getDeclaredMethod(Class.java:1962)
	at java.awt.Component.isCoalesceEventsOverriden(Component.java:6099)
	at java.awt.Component.access$500(Component.java:169)
	at java.awt.Component$3.run(Component.java:6053)
	at java.awt.Component$3.run(Component.java:6051)
	at java.security.AccessController.doPrivileged(Native Method)
	at java.awt.Component.checkCoalescing(Component.java:6050)
	at java.awt.Component.&lt;init&gt;(Component.java:6019)
	at java.awt.Container.&lt;init&gt;(Container.java:249)
	at java.awt.Window.&lt;init&gt;(Window.java:432)
	at java.awt.Frame.&lt;init&gt;(Frame.java:403)
	at java.awt.Frame.&lt;init&gt;(Frame.java:368)
	at javax.swing.JFrame.&lt;init&gt;(JFrame.java:158)
	at jmonkey.office.jwp.JWP.&lt;init&gt;(JWP.java:1075)
	at jmonkey.office.jwp.DocumentFrameTest.testConstruction(DocumentFrameTest.java:12)
	at sun.reflect.NativeMethodAccessorImpl.invoke0(Native Method)
	at sun.reflect.NativeMethodAccessorImpl.invoke(NativeMethodAccessorImpl.java:39)
	at sun.reflect.DelegatingMethodAccessorImpl.invoke(DelegatingMethodAccessorImpl.java:25)
	at java.lang.reflect.Method.invoke(Method.java:597)
	at org.junit.runners.model.FrameworkMethod$1.runReflectiveCall(FrameworkMethod.java:44)
	at org.junit.internal.runners.model.ReflectiveCallable.run(ReflectiveCallable.java:15)
	at org.junit.runners.model.FrameworkMethod.invokeExplosively(FrameworkMethod.java:41)
	at org.junit.internal.runners.statements.InvokeMethod.evaluate(InvokeMethod.java:20)
	at org.junit.runners.BlockJUnit4ClassRunner.runNotIgnored(BlockJUnit4ClassRunner.java:79)
	at org.junit.runners.BlockJUnit4ClassRunner.runChild(BlockJUnit4ClassRunner.java:71)
	at org.junit.runners.BlockJUnit4ClassRunner.runChild(BlockJUnit4ClassRunner.java:49)
	at org.junit.runners.ParentRunner$3.run(ParentRunner.java:193)
	at org.junit.runners.ParentRunner$1.schedule(ParentRunner.java:52)
	at org.junit.runners.ParentRunner.runChildren(ParentRunner.java:191)
	at org.junit.runners.ParentRunner.access$000(ParentRunner.java:42)
	at org.junit.runners.ParentRunner$2.evaluate(ParentRunner.java:184)
	at org.junit.runners.ParentRunner.run(ParentRunner.java:236)
	at org.eclipse.jdt.internal.junit4.runner.JUnit4TestReference.run(JUnit4TestReference.java:50)
	at org.eclipse.jdt.internal.junit.runner.TestExecution.run(TestExecution.java:38)
	at org.eclipse.jdt.internal.junit.runner.RemoteTestRunner.runTests(RemoteTestRunner.java:467)
	at org.eclipse.jdt.internal.junit.runner.RemoteTestRunner.runTests(RemoteTestRunner.java:683)
	at org.eclipse.jdt.internal.junit.runner.RemoteTestRunner.run(RemoteTestRunner.java:390)
	at org.eclipse.jdt.internal.junit.runner.RemoteTestRunner.main(RemoteTestRunner.java:197)
Caused by: java.lang.ClassNotFoundException: jmonkey.office.jwp.support.EditorActionManager
	at java.net.URLClassLoader$1.run(URLClassLoader.java:202)
	at java.security.AccessController.doPrivileged(Native Method)
	at java.net.URLClassLoader.findClass(URLClassLoader.java:190)
	at java.lang.ClassLoader.loadClass(ClassLoader.java:306)
	at sun.misc.Launcher$AppClassLoader.loadClass(Launcher.java:301)
	at java.lang.ClassLoader.loadClass(ClassLoader.java:247)
	... 40 more

</error>
    </testcase>
  </testsuite>
  <testsuite name="jmonkey.office.jwp.support.PropertySheetDialogTest" time="0.523">
    <testcase name="test_PropertySheetDialog" classname="jmonkey.office.jwp.support.PropertySheetDialogTest" time="0.523"/>
  </testsuite>
  <testsuite name="jmonkey.office.jwp.DocumentManagerTest" time="0.005">
    <testcase name="test_DocumentManager_valid" classname="jmonkey.office.jwp.DocumentManagerTest" time="0.003">
      <error>java.lang.NoClassDefFoundError: jmonkey/office/jwp/support/EditorActionManager
	at java.lang.Class.getDeclaredMethods0(Native Method)
	at java.lang.Class.privateGetDeclaredMethods(Class.java:2475)
	at java.lang.Class.getDeclaredMethod(Class.java:1962)
	at java.awt.Component.isCoalesceEventsOverriden(Component.java:6099)
	at java.awt.Component.access$500(Component.java:169)
	at java.awt.Component$3.run(Component.java:6053)
	at java.awt.Component$3.run(Component.java:6051)
	at java.security.AccessController.doPrivileged(Native Method)
	at java.awt.Component.checkCoalescing(Component.java:6050)
	at java.awt.Component.&lt;init&gt;(Component.java:6019)
	at java.awt.Container.&lt;init&gt;(Container.java:249)
	at java.awt.Window.&lt;init&gt;(Window.java:432)
	at java.awt.Frame.&lt;init&gt;(Frame.java:403)
	at java.awt.Frame.&lt;init&gt;(Frame.java:368)
	at javax.swing.JFrame.&lt;init&gt;(JFrame.java:158)
	at jmonkey.office.jwp.JWP.&lt;init&gt;(JWP.java:1075)
	at jmonkey.office.jwp.DocumentManagerTest.test_DocumentManager_valid(DocumentManagerTest.java:13)
	at sun.reflect.NativeMethodAccessorImpl.invoke0(Native Method)
	at sun.reflect.NativeMethodAccessorImpl.invoke(NativeMethodAccessorImpl.java:39)
	at sun.reflect.DelegatingMethodAccessorImpl.invoke(DelegatingMethodAccessorImpl.java:25)
	at java.lang.reflect.Method.invoke(Method.java:597)
	at org.junit.runners.model.FrameworkMethod$1.runReflectiveCall(FrameworkMethod.java:44)
	at org.junit.internal.runners.model.ReflectiveCallable.run(ReflectiveCallable.java:15)
	at org.junit.runners.model.FrameworkMethod.invokeExplosively(FrameworkMethod.java:41)
	at org.junit.internal.runners.statements.InvokeMethod.evaluate(InvokeMethod.java:20)
	at org.junit.runners.BlockJUnit4ClassRunner.runNotIgnored(BlockJUnit4ClassRunner.java:79)
	at org.junit.runners.BlockJUnit4ClassRunner.runChild(BlockJUnit4ClassRunner.java:71)
	at org.junit.runners.BlockJUnit4ClassRunner.runChild(BlockJUnit4ClassRunner.java:49)
	at org.junit.runners.ParentRunner$3.run(ParentRunner.java:193)
	at org.junit.runners.ParentRunner$1.schedule(ParentRunner.java:52)
	at org.junit.runners.ParentRunner.runChildren(ParentRunner.java:191)
	at org.junit.runners.ParentRunner.access$000(ParentRunner.java:42)
	at org.junit.runners.ParentRunner$2.evaluate(ParentRunner.java:184)
	at org.junit.runners.ParentRunner.run(ParentRunner.java:236)
	at org.eclipse.jdt.internal.junit4.runner.JUnit4TestReference.run(JUnit4TestReference.java:50)
	at org.eclipse.jdt.internal.junit.runner.TestExecution.run(TestExecution.java:38)
	at org.eclipse.jdt.internal.junit.runner.RemoteTestRunner.runTests(RemoteTestRunner.java:467)
	at org.eclipse.jdt.internal.junit.runner.RemoteTestRunner.runTests(RemoteTestRunner.java:683)
	at org.eclipse.jdt.internal.junit.runner.RemoteTestRunner.run(RemoteTestRunner.java:390)
	at org.eclipse.jdt.internal.junit.runner.RemoteTestRunner.main(RemoteTestRunner.java:197)
Caused by: java.lang.ClassNotFoundException: jmonkey.office.jwp.support.EditorActionManager
	at java.net.URLClassLoader$1.run(URLClassLoader.java:202)
	at java.security.AccessController.doPrivileged(Native Method)
	at java.net.URLClassLoader.findClass(URLClassLoader.java:190)
	at java.lang.ClassLoader.loadClass(ClassLoader.java:306)
	at sun.misc.Launcher$AppClassLoader.loadClass(Launcher.java:301)
	at java.lang.ClassLoader.loadClass(ClassLoader.java:247)
	... 40 more

</error>
    </testcase>
    <testcase name="test_DocumentManager_invalid" classname="jmonkey.office.jwp.DocumentManagerTest" time="0.002">
      <error>java.lang.NoClassDefFoundError: jmonkey/office/jwp/support/EditorActionManager
	at java.lang.Class.getDeclaredMethods0(Native Method)
	at java.lang.Class.privateGetDeclaredMethods(Class.java:2475)
	at java.lang.Class.getDeclaredMethod(Class.java:1962)
	at java.awt.Component.isCoalesceEventsOverriden(Component.java:6099)
	at java.awt.Component.access$500(Component.java:169)
	at java.awt.Component$3.run(Component.java:6053)
	at java.awt.Component$3.run(Component.java:6051)
	at java.security.AccessController.doPrivileged(Native Method)
	at java.awt.Component.checkCoalescing(Component.java:6050)
	at java.awt.Component.&lt;init&gt;(Component.java:6019)
	at java.awt.Container.&lt;init&gt;(Container.java:249)
	at java.awt.Window.&lt;init&gt;(Window.java:432)
	at java.awt.Frame.&lt;init&gt;(Frame.java:403)
	at java.awt.Frame.&lt;init&gt;(Frame.java:368)
	at javax.swing.JFrame.&lt;init&gt;(JFrame.java:158)
	at jmonkey.office.jwp.JWP.&lt;init&gt;(JWP.java:1075)
	at jmonkey.office.jwp.DocumentManagerTest.test_DocumentManager_invalid(DocumentManagerTest.java:20)
	at sun.reflect.NativeMethodAccessorImpl.invoke0(Native Method)
	at sun.reflect.NativeMethodAccessorImpl.invoke(NativeMethodAccessorImpl.java:39)
	at sun.reflect.DelegatingMethodAccessorImpl.invoke(DelegatingMethodAccessorImpl.java:25)
	at java.lang.reflect.Method.invoke(Method.java:597)
	at org.junit.runners.model.FrameworkMethod$1.runReflectiveCall(FrameworkMethod.java:44)
	at org.junit.internal.runners.model.ReflectiveCallable.run(ReflectiveCallable.java:15)
	at org.junit.runners.model.FrameworkMethod.invokeExplosively(FrameworkMethod.java:41)
	at org.junit.internal.runners.statements.InvokeMethod.evaluate(InvokeMethod.java:20)
	at org.junit.runners.BlockJUnit4ClassRunner.runNotIgnored(BlockJUnit4ClassRunner.java:79)
	at org.junit.runners.BlockJUnit4ClassRunner.runChild(BlockJUnit4ClassRunner.java:71)
	at org.junit.runners.BlockJUnit4ClassRunner.runChild(BlockJUnit4ClassRunner.java:49)
	at org.junit.runners.ParentRunner$3.run(ParentRunner.java:193)
	at org.junit.runners.ParentRunner$1.schedule(ParentRunner.java:52)
	at org.junit.runners.ParentRunner.runChildren(ParentRunner.java:191)
	at org.junit.runners.ParentRunner.access$000(ParentRunner.java:42)
	at org.junit.runners.ParentRunner$2.evaluate(ParentRunner.java:184)
	at org.junit.runners.ParentRunner.run(ParentRunner.java:236)
	at org.eclipse.jdt.internal.junit4.runner.JUnit4TestReference.run(JUnit4TestReference.java:50)
	at org.eclipse.jdt.internal.junit.runner.TestExecution.run(TestExecution.java:38)
	at org.eclipse.jdt.internal.junit.runner.RemoteTestRunner.runTests(RemoteTestRunner.java:467)
	at org.eclipse.jdt.internal.junit.runner.RemoteTestRunner.runTests(RemoteTestRunner.java:683)
	at org.eclipse.jdt.internal.junit.runner.RemoteTestRunner.run(RemoteTestRunner.java:390)
	at org.eclipse.jdt.internal.junit.runner.RemoteTestRunner.main(RemoteTestRunner.java:197)
Caused by: java.lang.ClassNotFoundException: jmonkey.office.jwp.support.EditorActionManager
	at java.net.URLClassLoader$1.run(URLClassLoader.java:202)
	at java.security.AccessController.doPrivileged(Native Method)
	at java.net.URLClassLoader.findClass(URLClassLoader.java:190)
	at java.lang.ClassLoader.loadClass(ClassLoader.java:306)
	at sun.misc.Launcher$AppClassLoader.loadClass(Launcher.java:301)
	at java.lang.ClassLoader.loadClass(ClassLoader.java:247)
	... 40 more

</error>
    </testcase>
  </testsuite>
  <testsuite name="jmonkey.office.jwp.support.ActionComboBoxTest" time="0.1">
    <testcase name="testNoItems" classname="jmonkey.office.jwp.support.ActionComboBoxTest" time="0.072"/>
    <testcase name="testEmptyList" classname="jmonkey.office.jwp.support.ActionComboBoxTest" time="0.004"/>
    <testcase name="testValidList" classname="jmonkey.office.jwp.support.ActionComboBoxTest" time="0.002">
      <error>java.lang.NoClassDefFoundError: jmonkey/office/jwp/support/EditorActionManager
	at java.lang.Class.getDeclaredMethods0(Native Method)
	at java.lang.Class.privateGetDeclaredMethods(Class.java:2475)
	at java.lang.Class.getDeclaredMethod(Class.java:1962)
	at java.awt.Component.isCoalesceEventsOverriden(Component.java:6099)
	at java.awt.Component.access$500(Component.java:169)
	at java.awt.Component$3.run(Component.java:6053)
	at java.awt.Component$3.run(Component.java:6051)
	at java.security.AccessController.doPrivileged(Native Method)
	at java.awt.Component.checkCoalescing(Component.java:6050)
	at java.awt.Component.&lt;init&gt;(Component.java:6019)
	at java.awt.Container.&lt;init&gt;(Container.java:249)
	at java.awt.Window.&lt;init&gt;(Window.java:432)
	at java.awt.Frame.&lt;init&gt;(Frame.java:403)
	at java.awt.Frame.&lt;init&gt;(Frame.java:368)
	at javax.swing.JFrame.&lt;init&gt;(JFrame.java:158)
	at jmonkey.office.jwp.JWP.&lt;init&gt;(JWP.java:1075)
	at jmonkey.office.jwp.support.ActionComboBoxTest.testValidList(ActionComboBoxTest.java:68)
	at sun.reflect.NativeMethodAccessorImpl.invoke0(Native Method)
	at sun.reflect.NativeMethodAccessorImpl.invoke(NativeMethodAccessorImpl.java:39)
	at sun.reflect.DelegatingMethodAccessorImpl.invoke(DelegatingMethodAccessorImpl.java:25)
	at java.lang.reflect.Method.invoke(Method.java:597)
	at org.junit.runners.model.FrameworkMethod$1.runReflectiveCall(FrameworkMethod.java:44)
	at org.junit.internal.runners.model.ReflectiveCallable.run(ReflectiveCallable.java:15)
	at org.junit.runners.model.FrameworkMethod.invokeExplosively(FrameworkMethod.java:41)
	at org.junit.internal.runners.statements.InvokeMethod.evaluate(InvokeMethod.java:20)
	at org.junit.runners.BlockJUnit4ClassRunner.runNotIgnored(BlockJUnit4ClassRunner.java:79)
	at org.junit.runners.BlockJUnit4ClassRunner.runChild(BlockJUnit4ClassRunner.java:71)
	at org.junit.runners.BlockJUnit4ClassRunner.runChild(BlockJUnit4ClassRunner.java:49)
	at org.junit.runners.ParentRunner$3.run(ParentRunner.java:193)
	at org.junit.runners.ParentRunner$1.schedule(ParentRunner.java:52)
	at org.junit.runners.ParentRunner.runChildren(ParentRunner.java:191)
	at org.junit.runners.ParentRunner.access$000(ParentRunner.java:42)
	at org.junit.runners.ParentRunner$2.evaluate(ParentRunner.java:184)
	at org.junit.runners.ParentRunner.run(ParentRunner.java:236)
	at org.eclipse.jdt.internal.junit4.runner.JUnit4TestReference.run(JUnit4TestReference.java:50)
	at org.eclipse.jdt.internal.junit.runner.TestExecution.run(TestExecution.java:38)
	at org.eclipse.jdt.internal.junit.runner.RemoteTestRunner.runTests(RemoteTestRunner.java:467)
	at org.eclipse.jdt.internal.junit.runner.RemoteTestRunner.runTests(RemoteTestRunner.java:683)
	at org.eclipse.jdt.internal.junit.runner.RemoteTestRunner.run(RemoteTestRunner.java:390)
	at org.eclipse.jdt.internal.junit.runner.RemoteTestRunner.main(RemoteTestRunner.java:197)
Caused by: java.lang.ClassNotFoundException: jmonkey.office.jwp.support.EditorActionManager
	at java.net.URLClassLoader$1.run(URLClassLoader.java:202)
	at java.security.AccessController.doPrivileged(Native Method)
	at java.net.URLClassLoader.findClass(URLClassLoader.java:190)
	at java.lang.ClassLoader.loadClass(ClassLoader.java:306)
	at sun.misc.Launcher$AppClassLoader.loadClass(Launcher.java:301)
	at java.lang.ClassLoader.loadClass(ClassLoader.java:247)
	... 40 more

</error>
    </testcase>
    <testcase name="testNull" classname="jmonkey.office.jwp.support.ActionComboBoxTest" time="0.004"/>
    <testcase name="testListWithOneInvalid" classname="jmonkey.office.jwp.support.ActionComboBoxTest" time="0.001">
      <error>java.lang.NoClassDefFoundError: jmonkey/office/jwp/support/EditorActionManager
	at java.lang.Class.getDeclaredMethods0(Native Method)
	at java.lang.Class.privateGetDeclaredMethods(Class.java:2475)
	at java.lang.Class.getDeclaredMethod(Class.java:1962)
	at java.awt.Component.isCoalesceEventsOverriden(Component.java:6099)
	at java.awt.Component.access$500(Component.java:169)
	at java.awt.Component$3.run(Component.java:6053)
	at java.awt.Component$3.run(Component.java:6051)
	at java.security.AccessController.doPrivileged(Native Method)
	at java.awt.Component.checkCoalescing(Component.java:6050)
	at java.awt.Component.&lt;init&gt;(Component.java:6019)
	at java.awt.Container.&lt;init&gt;(Container.java:249)
	at java.awt.Window.&lt;init&gt;(Window.java:432)
	at java.awt.Frame.&lt;init&gt;(Frame.java:403)
	at java.awt.Frame.&lt;init&gt;(Frame.java:368)
	at javax.swing.JFrame.&lt;init&gt;(JFrame.java:158)
	at jmonkey.office.jwp.JWP.&lt;init&gt;(JWP.java:1075)
	at jmonkey.office.jwp.support.ActionComboBoxTest.testListWithOneInvalid(ActionComboBoxTest.java:90)
	at sun.reflect.NativeMethodAccessorImpl.invoke0(Native Method)
	at sun.reflect.NativeMethodAccessorImpl.invoke(NativeMethodAccessorImpl.java:39)
	at sun.reflect.DelegatingMethodAccessorImpl.invoke(DelegatingMethodAccessorImpl.java:25)
	at java.lang.reflect.Method.invoke(Method.java:597)
	at org.junit.runners.model.FrameworkMethod$1.runReflectiveCall(FrameworkMethod.java:44)
	at org.junit.internal.runners.model.ReflectiveCallable.run(ReflectiveCallable.java:15)
	at org.junit.runners.model.FrameworkMethod.invokeExplosively(FrameworkMethod.java:41)
	at org.junit.internal.runners.statements.InvokeMethod.evaluate(InvokeMethod.java:20)
	at org.junit.runners.BlockJUnit4ClassRunner.runNotIgnored(BlockJUnit4ClassRunner.java:79)
	at org.junit.runners.BlockJUnit4ClassRunner.runChild(BlockJUnit4ClassRunner.java:71)
	at org.junit.runners.BlockJUnit4ClassRunner.runChild(BlockJUnit4ClassRunner.java:49)
	at org.junit.runners.ParentRunner$3.run(ParentRunner.java:193)
	at org.junit.runners.ParentRunner$1.schedule(ParentRunner.java:52)
	at org.junit.runners.ParentRunner.runChildren(ParentRunner.java:191)
	at org.junit.runners.ParentRunner.access$000(ParentRunner.java:42)
	at org.junit.runners.ParentRunner$2.evaluate(ParentRunner.java:184)
	at org.junit.runners.ParentRunner.run(ParentRunner.java:236)
	at org.eclipse.jdt.internal.junit4.runner.JUnit4TestReference.run(JUnit4TestReference.java:50)
	at org.eclipse.jdt.internal.junit.runner.TestExecution.run(TestExecution.java:38)
	at org.eclipse.jdt.internal.junit.runner.RemoteTestRunner.runTests(RemoteTestRunner.java:467)
	at org.eclipse.jdt.internal.junit.runner.RemoteTestRunner.runTests(RemoteTestRunner.java:683)
	at org.eclipse.jdt.internal.junit.runner.RemoteTestRunner.run(RemoteTestRunner.java:390)
	at org.eclipse.jdt.internal.junit.runner.RemoteTestRunner.main(RemoteTestRunner.java:197)
Caused by: java.lang.ClassNotFoundException: jmonkey.office.jwp.support.EditorActionManager
	at java.net.URLClassLoader$1.run(URLClassLoader.java:202)
	at java.security.AccessController.doPrivileged(Native Method)
	at java.net.URLClassLoader.findClass(URLClassLoader.java:190)
	at java.lang.ClassLoader.loadClass(ClassLoader.java:306)
	at sun.misc.Launcher$AppClassLoader.loadClass(Launcher.java:301)
	at java.lang.ClassLoader.loadClass(ClassLoader.java:247)
	... 40 more

</error>
    </testcase>
    <testcase name="testListOfOneInvalid" classname="jmonkey.office.jwp.support.ActionComboBoxTest" time="0.002">
      <error>java.lang.NoClassDefFoundError: jmonkey/office/jwp/support/EditorActionManager
	at java.lang.Class.getDeclaredMethods0(Native Method)
	at java.lang.Class.privateGetDeclaredMethods(Class.java:2475)
	at java.lang.Class.getDeclaredMethod(Class.java:1962)
	at java.awt.Component.isCoalesceEventsOverriden(Component.java:6099)
	at java.awt.Component.access$500(Component.java:169)
	at java.awt.Component$3.run(Component.java:6053)
	at java.awt.Component$3.run(Component.java:6051)
	at java.security.AccessController.doPrivileged(Native Method)
	at java.awt.Component.checkCoalescing(Component.java:6050)
	at java.awt.Component.&lt;init&gt;(Component.java:6019)
	at java.awt.Container.&lt;init&gt;(Container.java:249)
	at java.awt.Window.&lt;init&gt;(Window.java:432)
	at java.awt.Frame.&lt;init&gt;(Frame.java:403)
	at java.awt.Frame.&lt;init&gt;(Frame.java:368)
	at javax.swing.JFrame.&lt;init&gt;(JFrame.java:158)
	at jmonkey.office.jwp.JWP.&lt;init&gt;(JWP.java:1075)
	at jmonkey.office.jwp.support.ActionComboBoxTest.testListOfOneInvalid(ActionComboBoxTest.java:108)
	at sun.reflect.NativeMethodAccessorImpl.invoke0(Native Method)
	at sun.reflect.NativeMethodAccessorImpl.invoke(NativeMethodAccessorImpl.java:39)
	at sun.reflect.DelegatingMethodAccessorImpl.invoke(DelegatingMethodAccessorImpl.java:25)
	at java.lang.reflect.Method.invoke(Method.java:597)
	at org.junit.runners.model.FrameworkMethod$1.runReflectiveCall(FrameworkMethod.java:44)
	at org.junit.internal.runners.model.ReflectiveCallable.run(ReflectiveCallable.java:15)
	at org.junit.runners.model.FrameworkMethod.invokeExplosively(FrameworkMethod.java:41)
	at org.junit.internal.runners.statements.InvokeMethod.evaluate(InvokeMethod.java:20)
	at org.junit.runners.BlockJUnit4ClassRunner.runNotIgnored(BlockJUnit4ClassRunner.java:79)
	at org.junit.runners.BlockJUnit4ClassRunner.runChild(BlockJUnit4ClassRunner.java:71)
	at org.junit.runners.BlockJUnit4ClassRunner.runChild(BlockJUnit4ClassRunner.java:49)
	at org.junit.runners.ParentRunner$3.run(ParentRunner.java:193)
	at org.junit.runners.ParentRunner$1.schedule(ParentRunner.java:52)
	at org.junit.runners.ParentRunner.runChildren(ParentRunner.java:191)
	at org.junit.runners.ParentRunner.access$000(ParentRunner.java:42)
	at org.junit.runners.ParentRunner$2.evaluate(ParentRunner.java:184)
	at org.junit.runners.ParentRunner.run(ParentRunner.java:236)
	at org.eclipse.jdt.internal.junit4.runner.JUnit4TestReference.run(JUnit4TestReference.java:50)
	at org.eclipse.jdt.internal.junit.runner.TestExecution.run(TestExecution.java:38)
	at org.eclipse.jdt.internal.junit.runner.RemoteTestRunner.runTests(RemoteTestRunner.java:467)
	at org.eclipse.jdt.internal.junit.runner.RemoteTestRunner.runTests(RemoteTestRunner.java:683)
	at org.eclipse.jdt.internal.junit.runner.RemoteTestRunner.run(RemoteTestRunner.java:390)
	at org.eclipse.jdt.internal.junit.runner.RemoteTestRunner.main(RemoteTestRunner.java:197)
Caused by: java.lang.ClassNotFoundException: jmonkey.office.jwp.support.EditorActionManager
	at java.net.URLClassLoader$1.run(URLClassLoader.java:202)
	at java.security.AccessController.doPrivileged(Native Method)
	at java.net.URLClassLoader.findClass(URLClassLoader.java:190)
	at java.lang.ClassLoader.loadClass(ClassLoader.java:306)
	at sun.misc.Launcher$AppClassLoader.loadClass(Launcher.java:301)
	at java.lang.ClassLoader.loadClass(ClassLoader.java:247)
	... 40 more

</error>
    </testcase>
    <testcase name="testSelection" classname="jmonkey.office.jwp.support.ActionComboBoxTest" time="0.002">
      <error>java.lang.NoClassDefFoundError: jmonkey/office/jwp/support/EditorActionManager
	at java.lang.Class.getDeclaredMethods0(Native Method)
	at java.lang.Class.privateGetDeclaredMethods(Class.java:2475)
	at java.lang.Class.getDeclaredMethod(Class.java:1962)
	at java.awt.Component.isCoalesceEventsOverriden(Component.java:6099)
	at java.awt.Component.access$500(Component.java:169)
	at java.awt.Component$3.run(Component.java:6053)
	at java.awt.Component$3.run(Component.java:6051)
	at java.security.AccessController.doPrivileged(Native Method)
	at java.awt.Component.checkCoalescing(Component.java:6050)
	at java.awt.Component.&lt;init&gt;(Component.java:6019)
	at java.awt.Container.&lt;init&gt;(Container.java:249)
	at java.awt.Window.&lt;init&gt;(Window.java:432)
	at java.awt.Frame.&lt;init&gt;(Frame.java:403)
	at java.awt.Frame.&lt;init&gt;(Frame.java:368)
	at javax.swing.JFrame.&lt;init&gt;(JFrame.java:158)
	at jmonkey.office.jwp.JWP.&lt;init&gt;(JWP.java:1075)
	at jmonkey.office.jwp.support.ActionComboBoxTest.testSelection(ActionComboBoxTest.java:125)
	at sun.reflect.NativeMethodAccessorImpl.invoke0(Native Method)
	at sun.reflect.NativeMethodAccessorImpl.invoke(NativeMethodAccessorImpl.java:39)
	at sun.reflect.DelegatingMethodAccessorImpl.invoke(DelegatingMethodAccessorImpl.java:25)
	at java.lang.reflect.Method.invoke(Method.java:597)
	at org.junit.runners.model.FrameworkMethod$1.runReflectiveCall(FrameworkMethod.java:44)
	at org.junit.internal.runners.model.ReflectiveCallable.run(ReflectiveCallable.java:15)
	at org.junit.runners.model.FrameworkMethod.invokeExplosively(FrameworkMethod.java:41)
	at org.junit.internal.runners.statements.InvokeMethod.evaluate(InvokeMethod.java:20)
	at org.junit.runners.BlockJUnit4ClassRunner.runNotIgnored(BlockJUnit4ClassRunner.java:79)
	at org.junit.runners.BlockJUnit4ClassRunner.runChild(BlockJUnit4ClassRunner.java:71)
	at org.junit.runners.BlockJUnit4ClassRunner.runChild(BlockJUnit4ClassRunner.java:49)
	at org.junit.runners.ParentRunner$3.run(ParentRunner.java:193)
	at org.junit.runners.ParentRunner$1.schedule(ParentRunner.java:52)
	at org.junit.runners.ParentRunner.runChildren(ParentRunner.java:191)
	at org.junit.runners.ParentRunner.access$000(ParentRunner.java:42)
	at org.junit.runners.ParentRunner$2.evaluate(ParentRunner.java:184)
	at org.junit.runners.ParentRunner.run(ParentRunner.java:236)
	at org.eclipse.jdt.internal.junit4.runner.JUnit4TestReference.run(JUnit4TestReference.java:50)
	at org.eclipse.jdt.internal.junit.runner.TestExecution.run(TestExecution.java:38)
	at org.eclipse.jdt.internal.junit.runner.RemoteTestRunner.runTests(RemoteTestRunner.java:467)
	at org.eclipse.jdt.internal.junit.runner.RemoteTestRunner.runTests(RemoteTestRunner.java:683)
	at org.eclipse.jdt.internal.junit.runner.RemoteTestRunner.run(RemoteTestRunner.java:390)
	at org.eclipse.jdt.internal.junit.runner.RemoteTestRunner.main(RemoteTestRunner.java:197)
Caused by: java.lang.ClassNotFoundException: jmonkey.office.jwp.support.EditorActionManager
	at java.net.URLClassLoader$1.run(URLClassLoader.java:202)
	at java.security.AccessController.doPrivileged(Native Method)
	at java.net.URLClassLoader.findClass(URLClassLoader.java:190)
	at java.lang.ClassLoader.loadClass(ClassLoader.java:306)
	at sun.misc.Launcher$AppClassLoader.loadClass(Launcher.java:301)
	at java.lang.ClassLoader.loadClass(ClassLoader.java:247)
	... 40 more

</error>
    </testcase>
    <testcase name="testAdditionOfItems" classname="jmonkey.office.jwp.support.ActionComboBoxTest" time="0.001">
      <error>java.lang.NoClassDefFoundError: jmonkey/office/jwp/support/EditorActionManager
	at java.lang.Class.getDeclaredMethods0(Native Method)
	at java.lang.Class.privateGetDeclaredMethods(Class.java:2475)
	at java.lang.Class.getDeclaredMethod(Class.java:1962)
	at java.awt.Component.isCoalesceEventsOverriden(Component.java:6099)
	at java.awt.Component.access$500(Component.java:169)
	at java.awt.Component$3.run(Component.java:6053)
	at java.awt.Component$3.run(Component.java:6051)
	at java.security.AccessController.doPrivileged(Native Method)
	at java.awt.Component.checkCoalescing(Component.java:6050)
	at java.awt.Component.&lt;init&gt;(Component.java:6019)
	at java.awt.Container.&lt;init&gt;(Container.java:249)
	at java.awt.Window.&lt;init&gt;(Window.java:432)
	at java.awt.Frame.&lt;init&gt;(Frame.java:403)
	at java.awt.Frame.&lt;init&gt;(Frame.java:368)
	at javax.swing.JFrame.&lt;init&gt;(JFrame.java:158)
	at jmonkey.office.jwp.JWP.&lt;init&gt;(JWP.java:1075)
	at jmonkey.office.jwp.support.ActionComboBoxTest.testAdditionOfItems(ActionComboBoxTest.java:149)
	at sun.reflect.NativeMethodAccessorImpl.invoke0(Native Method)
	at sun.reflect.NativeMethodAccessorImpl.invoke(NativeMethodAccessorImpl.java:39)
	at sun.reflect.DelegatingMethodAccessorImpl.invoke(DelegatingMethodAccessorImpl.java:25)
	at java.lang.reflect.Method.invoke(Method.java:597)
	at org.junit.runners.model.FrameworkMethod$1.runReflectiveCall(FrameworkMethod.java:44)
	at org.junit.internal.runners.model.ReflectiveCallable.run(ReflectiveCallable.java:15)
	at org.junit.runners.model.FrameworkMethod.invokeExplosively(FrameworkMethod.java:41)
	at org.junit.internal.runners.statements.InvokeMethod.evaluate(InvokeMethod.java:20)
	at org.junit.runners.BlockJUnit4ClassRunner.runNotIgnored(BlockJUnit4ClassRunner.java:79)
	at org.junit.runners.BlockJUnit4ClassRunner.runChild(BlockJUnit4ClassRunner.java:71)
	at org.junit.runners.BlockJUnit4ClassRunner.runChild(BlockJUnit4ClassRunner.java:49)
	at org.junit.runners.ParentRunner$3.run(ParentRunner.java:193)
	at org.junit.runners.ParentRunner$1.schedule(ParentRunner.java:52)
	at org.junit.runners.ParentRunner.runChildren(ParentRunner.java:191)
	at org.junit.runners.ParentRunner.access$000(ParentRunner.java:42)
	at org.junit.runners.ParentRunner$2.evaluate(ParentRunner.java:184)
	at org.junit.runners.ParentRunner.run(ParentRunner.java:236)
	at org.eclipse.jdt.internal.junit4.runner.JUnit4TestReference.run(JUnit4TestReference.java:50)
	at org.eclipse.jdt.internal.junit.runner.TestExecution.run(TestExecution.java:38)
	at org.eclipse.jdt.internal.junit.runner.RemoteTestRunner.runTests(RemoteTestRunner.java:467)
	at org.eclipse.jdt.internal.junit.runner.RemoteTestRunner.runTests(RemoteTestRunner.java:683)
	at org.eclipse.jdt.internal.junit.runner.RemoteTestRunner.run(RemoteTestRunner.java:390)
	at org.eclipse.jdt.internal.junit.runner.RemoteTestRunner.main(RemoteTestRunner.java:197)
Caused by: java.lang.ClassNotFoundException: jmonkey.office.jwp.support.EditorActionManager
	at java.net.URLClassLoader$1.run(URLClassLoader.java:202)
	at java.security.AccessController.doPrivileged(Native Method)
	at java.net.URLClassLoader.findClass(URLClassLoader.java:190)
	at java.lang.ClassLoader.loadClass(ClassLoader.java:306)
	at sun.misc.Launcher$AppClassLoader.loadClass(Launcher.java:301)
	at java.lang.ClassLoader.loadClass(ClassLoader.java:247)
	... 40 more

</error>
    </testcase>
    <testcase name="testInsertItemAt" classname="jmonkey.office.jwp.support.ActionComboBoxTest" time="0.0">
      <error>java.lang.NoClassDefFoundError: jmonkey/office/jwp/support/EditorActionManager
	at java.lang.Class.getDeclaredMethods0(Native Method)
	at java.lang.Class.privateGetDeclaredMethods(Class.java:2475)
	at java.lang.Class.getDeclaredMethod(Class.java:1962)
	at java.awt.Component.isCoalesceEventsOverriden(Component.java:6099)
	at java.awt.Component.access$500(Component.java:169)
	at java.awt.Component$3.run(Component.java:6053)
	at java.awt.Component$3.run(Component.java:6051)
	at java.security.AccessController.doPrivileged(Native Method)
	at java.awt.Component.checkCoalescing(Component.java:6050)
	at java.awt.Component.&lt;init&gt;(Component.java:6019)
	at java.awt.Container.&lt;init&gt;(Container.java:249)
	at java.awt.Window.&lt;init&gt;(Window.java:432)
	at java.awt.Frame.&lt;init&gt;(Frame.java:403)
	at java.awt.Frame.&lt;init&gt;(Frame.java:368)
	at javax.swing.JFrame.&lt;init&gt;(JFrame.java:158)
	at jmonkey.office.jwp.JWP.&lt;init&gt;(JWP.java:1075)
	at jmonkey.office.jwp.support.ActionComboBoxTest.testInsertItemAt(ActionComboBoxTest.java:172)
	at sun.reflect.NativeMethodAccessorImpl.invoke0(Native Method)
	at sun.reflect.NativeMethodAccessorImpl.invoke(NativeMethodAccessorImpl.java:39)
	at sun.reflect.DelegatingMethodAccessorImpl.invoke(DelegatingMethodAccessorImpl.java:25)
	at java.lang.reflect.Method.invoke(Method.java:597)
	at org.junit.runners.model.FrameworkMethod$1.runReflectiveCall(FrameworkMethod.java:44)
	at org.junit.internal.runners.model.ReflectiveCallable.run(ReflectiveCallable.java:15)
	at org.junit.runners.model.FrameworkMethod.invokeExplosively(FrameworkMethod.java:41)
	at org.junit.internal.runners.statements.InvokeMethod.evaluate(InvokeMethod.java:20)
	at org.junit.runners.BlockJUnit4ClassRunner.runNotIgnored(BlockJUnit4ClassRunner.java:79)
	at org.junit.runners.BlockJUnit4ClassRunner.runChild(BlockJUnit4ClassRunner.java:71)
	at org.junit.runners.BlockJUnit4ClassRunner.runChild(BlockJUnit4ClassRunner.java:49)
	at org.junit.runners.ParentRunner$3.run(ParentRunner.java:193)
	at org.junit.runners.ParentRunner$1.schedule(ParentRunner.java:52)
	at org.junit.runners.ParentRunner.runChildren(ParentRunner.java:191)
	at org.junit.runners.ParentRunner.access$000(ParentRunner.java:42)
	at org.junit.runners.ParentRunner$2.evaluate(ParentRunner.java:184)
	at org.junit.runners.ParentRunner.run(ParentRunner.java:236)
	at org.eclipse.jdt.internal.junit4.runner.JUnit4TestReference.run(JUnit4TestReference.java:50)
	at org.eclipse.jdt.internal.junit.runner.TestExecution.run(TestExecution.java:38)
	at org.eclipse.jdt.internal.junit.runner.RemoteTestRunner.runTests(RemoteTestRunner.java:467)
	at org.eclipse.jdt.internal.junit.runner.RemoteTestRunner.runTests(RemoteTestRunner.java:683)
	at org.eclipse.jdt.internal.junit.runner.RemoteTestRunner.run(RemoteTestRunner.java:390)
	at org.eclipse.jdt.internal.junit.runner.RemoteTestRunner.main(RemoteTestRunner.java:197)
Caused by: java.lang.ClassNotFoundException: jmonkey.office.jwp.support.EditorActionManager
	at java.net.URLClassLoader$1.run(URLClassLoader.java:202)
	at java.security.AccessController.doPrivileged(Native Method)
	at java.net.URLClassLoader.findClass(URLClassLoader.java:190)
	at java.lang.ClassLoader.loadClass(ClassLoader.java:306)
	at sun.misc.Launcher$AppClassLoader.loadClass(Launcher.java:301)
	at java.lang.ClassLoader.loadClass(ClassLoader.java:247)
	... 40 more

</error>
    </testcase>
    <testcase name="testRemoveItem" classname="jmonkey.office.jwp.support.ActionComboBoxTest" time="0.0">
      <error>java.lang.NoClassDefFoundError: jmonkey/office/jwp/support/EditorActionManager
	at java.lang.Class.getDeclaredMethods0(Native Method)
	at java.lang.Class.privateGetDeclaredMethods(Class.java:2475)
	at java.lang.Class.getDeclaredMethod(Class.java:1962)
	at java.awt.Component.isCoalesceEventsOverriden(Component.java:6099)
	at java.awt.Component.access$500(Component.java:169)
	at java.awt.Component$3.run(Component.java:6053)
	at java.awt.Component$3.run(Component.java:6051)
	at java.security.AccessController.doPrivileged(Native Method)
	at java.awt.Component.checkCoalescing(Component.java:6050)
	at java.awt.Component.&lt;init&gt;(Component.java:6019)
	at java.awt.Container.&lt;init&gt;(Container.java:249)
	at java.awt.Window.&lt;init&gt;(Window.java:432)
	at java.awt.Frame.&lt;init&gt;(Frame.java:403)
	at java.awt.Frame.&lt;init&gt;(Frame.java:368)
	at javax.swing.JFrame.&lt;init&gt;(JFrame.java:158)
	at jmonkey.office.jwp.JWP.&lt;init&gt;(JWP.java:1075)
	at jmonkey.office.jwp.support.ActionComboBoxTest.testRemoveItem(ActionComboBoxTest.java:225)
	at sun.reflect.NativeMethodAccessorImpl.invoke0(Native Method)
	at sun.reflect.NativeMethodAccessorImpl.invoke(NativeMethodAccessorImpl.java:39)
	at sun.reflect.DelegatingMethodAccessorImpl.invoke(DelegatingMethodAccessorImpl.java:25)
	at java.lang.reflect.Method.invoke(Method.java:597)
	at org.junit.runners.model.FrameworkMethod$1.runReflectiveCall(FrameworkMethod.java:44)
	at org.junit.internal.runners.model.ReflectiveCallable.run(ReflectiveCallable.java:15)
	at org.junit.runners.model.FrameworkMethod.invokeExplosively(FrameworkMethod.java:41)
	at org.junit.internal.runners.statements.InvokeMethod.evaluate(InvokeMethod.java:20)
	at org.junit.runners.BlockJUnit4ClassRunner.runNotIgnored(BlockJUnit4ClassRunner.java:79)
	at org.junit.runners.BlockJUnit4ClassRunner.runChild(BlockJUnit4ClassRunner.java:71)
	at org.junit.runners.BlockJUnit4ClassRunner.runChild(BlockJUnit4ClassRunner.java:49)
	at org.junit.runners.ParentRunner$3.run(ParentRunner.java:193)
	at org.junit.runners.ParentRunner$1.schedule(ParentRunner.java:52)
	at org.junit.runners.ParentRunner.runChildren(ParentRunner.java:191)
	at org.junit.runners.ParentRunner.access$000(ParentRunner.java:42)
	at org.junit.runners.ParentRunner$2.evaluate(ParentRunner.java:184)
	at org.junit.runners.ParentRunner.run(ParentRunner.java:236)
	at org.eclipse.jdt.internal.junit4.runner.JUnit4TestReference.run(JUnit4TestReference.java:50)
	at org.eclipse.jdt.internal.junit.runner.TestExecution.run(TestExecution.java:38)
	at org.eclipse.jdt.internal.junit.runner.RemoteTestRunner.runTests(RemoteTestRunner.java:467)
	at org.eclipse.jdt.internal.junit.runner.RemoteTestRunner.runTests(RemoteTestRunner.java:683)
	at org.eclipse.jdt.internal.junit.runner.RemoteTestRunner.run(RemoteTestRunner.java:390)
	at org.eclipse.jdt.internal.junit.runner.RemoteTestRunner.main(RemoteTestRunner.java:197)
Caused by: java.lang.ClassNotFoundException: jmonkey.office.jwp.support.EditorActionManager
	at java.net.URLClassLoader$1.run(URLClassLoader.java:202)
	at java.security.AccessController.doPrivileged(Native Method)
	at java.net.URLClassLoader.findClass(URLClassLoader.java:190)
	at java.lang.ClassLoader.loadClass(ClassLoader.java:306)
	at sun.misc.Launcher$AppClassLoader.loadClass(Launcher.java:301)
	at java.lang.ClassLoader.loadClass(ClassLoader.java:247)
	... 40 more

</error>
    </testcase>
    <testcase name="testRemoveItemAt" classname="jmonkey.office.jwp.support.ActionComboBoxTest" time="0.0">
      <error>java.lang.NoClassDefFoundError: jmonkey/office/jwp/support/EditorActionManager
	at java.lang.Class.getDeclaredMethods0(Native Method)
	at java.lang.Class.privateGetDeclaredMethods(Class.java:2475)
	at java.lang.Class.getDeclaredMethod(Class.java:1962)
	at java.awt.Component.isCoalesceEventsOverriden(Component.java:6099)
	at java.awt.Component.access$500(Component.java:169)
	at java.awt.Component$3.run(Component.java:6053)
	at java.awt.Component$3.run(Component.java:6051)
	at java.security.AccessController.doPrivileged(Native Method)
	at java.awt.Component.checkCoalescing(Component.java:6050)
	at java.awt.Component.&lt;init&gt;(Component.java:6019)
	at java.awt.Container.&lt;init&gt;(Container.java:249)
	at java.awt.Window.&lt;init&gt;(Window.java:432)
	at java.awt.Frame.&lt;init&gt;(Frame.java:403)
	at java.awt.Frame.&lt;init&gt;(Frame.java:368)
	at javax.swing.JFrame.&lt;init&gt;(JFrame.java:158)
	at jmonkey.office.jwp.JWP.&lt;init&gt;(JWP.java:1075)
	at jmonkey.office.jwp.support.ActionComboBoxTest.testRemoveItemAt(ActionComboBoxTest.java:252)
	at sun.reflect.NativeMethodAccessorImpl.invoke0(Native Method)
	at sun.reflect.NativeMethodAccessorImpl.invoke(NativeMethodAccessorImpl.java:39)
	at sun.reflect.DelegatingMethodAccessorImpl.invoke(DelegatingMethodAccessorImpl.java:25)
	at java.lang.reflect.Method.invoke(Method.java:597)
	at org.junit.runners.model.FrameworkMethod$1.runReflectiveCall(FrameworkMethod.java:44)
	at org.junit.internal.runners.model.ReflectiveCallable.run(ReflectiveCallable.java:15)
	at org.junit.runners.model.FrameworkMethod.invokeExplosively(FrameworkMethod.java:41)
	at org.junit.internal.runners.statements.InvokeMethod.evaluate(InvokeMethod.java:20)
	at org.junit.runners.BlockJUnit4ClassRunner.runNotIgnored(BlockJUnit4ClassRunner.java:79)
	at org.junit.runners.BlockJUnit4ClassRunner.runChild(BlockJUnit4ClassRunner.java:71)
	at org.junit.runners.BlockJUnit4ClassRunner.runChild(BlockJUnit4ClassRunner.java:49)
	at org.junit.runners.ParentRunner$3.run(ParentRunner.java:193)
	at org.junit.runners.ParentRunner$1.schedule(ParentRunner.java:52)
	at org.junit.runners.ParentRunner.runChildren(ParentRunner.java:191)
	at org.junit.runners.ParentRunner.access$000(ParentRunner.java:42)
	at org.junit.runners.ParentRunner$2.evaluate(ParentRunner.java:184)
	at org.junit.runners.ParentRunner.run(ParentRunner.java:236)
	at org.eclipse.jdt.internal.junit4.runner.JUnit4TestReference.run(JUnit4TestReference.java:50)
	at org.eclipse.jdt.internal.junit.runner.TestExecution.run(TestExecution.java:38)
	at org.eclipse.jdt.internal.junit.runner.RemoteTestRunner.runTests(RemoteTestRunner.java:467)
	at org.eclipse.jdt.internal.junit.runner.RemoteTestRunner.runTests(RemoteTestRunner.java:683)
	at org.eclipse.jdt.internal.junit.runner.RemoteTestRunner.run(RemoteTestRunner.java:390)
	at org.eclipse.jdt.internal.junit.runner.RemoteTestRunner.main(RemoteTestRunner.java:197)
Caused by: java.lang.ClassNotFoundException: jmonkey.office.jwp.support.EditorActionManager
	at java.net.URLClassLoader$1.run(URLClassLoader.java:202)
	at java.security.AccessController.doPrivileged(Native Method)
	at java.net.URLClassLoader.findClass(URLClassLoader.java:190)
	at java.lang.ClassLoader.loadClass(ClassLoader.java:306)
	at sun.misc.Launcher$AppClassLoader.loadClass(Launcher.java:301)
	at java.lang.ClassLoader.loadClass(ClassLoader.java:247)
	... 40 more

</error>
    </testcase>
    <testcase name="testRemoveAll" classname="jmonkey.office.jwp.support.ActionComboBoxTest" time="0.001">
      <error>java.lang.NoClassDefFoundError: jmonkey/office/jwp/support/EditorActionManager
	at java.lang.Class.getDeclaredMethods0(Native Method)
	at java.lang.Class.privateGetDeclaredMethods(Class.java:2475)
	at java.lang.Class.getDeclaredMethod(Class.java:1962)
	at java.awt.Component.isCoalesceEventsOverriden(Component.java:6099)
	at java.awt.Component.access$500(Component.java:169)
	at java.awt.Component$3.run(Component.java:6053)
	at java.awt.Component$3.run(Component.java:6051)
	at java.security.AccessController.doPrivileged(Native Method)
	at java.awt.Component.checkCoalescing(Component.java:6050)
	at java.awt.Component.&lt;init&gt;(Component.java:6019)
	at java.awt.Container.&lt;init&gt;(Container.java:249)
	at java.awt.Window.&lt;init&gt;(Window.java:432)
	at java.awt.Frame.&lt;init&gt;(Frame.java:403)
	at java.awt.Frame.&lt;init&gt;(Frame.java:368)
	at javax.swing.JFrame.&lt;init&gt;(JFrame.java:158)
	at jmonkey.office.jwp.JWP.&lt;init&gt;(JWP.java:1075)
	at jmonkey.office.jwp.support.ActionComboBoxTest.testRemoveAll(ActionComboBoxTest.java:293)
	at sun.reflect.NativeMethodAccessorImpl.invoke0(Native Method)
	at sun.reflect.NativeMethodAccessorImpl.invoke(NativeMethodAccessorImpl.java:39)
	at sun.reflect.DelegatingMethodAccessorImpl.invoke(DelegatingMethodAccessorImpl.java:25)
	at java.lang.reflect.Method.invoke(Method.java:597)
	at org.junit.runners.model.FrameworkMethod$1.runReflectiveCall(FrameworkMethod.java:44)
	at org.junit.internal.runners.model.ReflectiveCallable.run(ReflectiveCallable.java:15)
	at org.junit.runners.model.FrameworkMethod.invokeExplosively(FrameworkMethod.java:41)
	at org.junit.internal.runners.statements.InvokeMethod.evaluate(InvokeMethod.java:20)
	at org.junit.runners.BlockJUnit4ClassRunner.runNotIgnored(BlockJUnit4ClassRunner.java:79)
	at org.junit.runners.BlockJUnit4ClassRunner.runChild(BlockJUnit4ClassRunner.java:71)
	at org.junit.runners.BlockJUnit4ClassRunner.runChild(BlockJUnit4ClassRunner.java:49)
	at org.junit.runners.ParentRunner$3.run(ParentRunner.java:193)
	at org.junit.runners.ParentRunner$1.schedule(ParentRunner.java:52)
	at org.junit.runners.ParentRunner.runChildren(ParentRunner.java:191)
	at org.junit.runners.ParentRunner.access$000(ParentRunner.java:42)
	at org.junit.runners.ParentRunner$2.evaluate(ParentRunner.java:184)
	at org.junit.runners.ParentRunner.run(ParentRunner.java:236)
	at org.eclipse.jdt.internal.junit4.runner.JUnit4TestReference.run(JUnit4TestReference.java:50)
	at org.eclipse.jdt.internal.junit.runner.TestExecution.run(TestExecution.java:38)
	at org.eclipse.jdt.internal.junit.runner.RemoteTestRunner.runTests(RemoteTestRunner.java:467)
	at org.eclipse.jdt.internal.junit.runner.RemoteTestRunner.runTests(RemoteTestRunner.java:683)
	at org.eclipse.jdt.internal.junit.runner.RemoteTestRunner.run(RemoteTestRunner.java:390)
	at org.eclipse.jdt.internal.junit.runner.RemoteTestRunner.main(RemoteTestRunner.java:197)
Caused by: java.lang.ClassNotFoundException: jmonkey.office.jwp.support.EditorActionManager
	at java.net.URLClassLoader$1.run(URLClassLoader.java:202)
	at java.security.AccessController.doPrivileged(Native Method)
	at java.net.URLClassLoader.findClass(URLClassLoader.java:190)
	at java.lang.ClassLoader.loadClass(ClassLoader.java:306)
	at sun.misc.Launcher$AppClassLoader.loadClass(Launcher.java:301)
	at java.lang.ClassLoader.loadClass(ClassLoader.java:247)
	... 40 more

</error>
    </testcase>
  </testsuite>
  <testsuite name="jmonkey.office.jwp.support.EditorTest" time="0.007">
    <testcase name="testEditorCreatedForText" classname="jmonkey.office.jwp.support.EditorTest" time="0.001">
      <error>java.lang.NoClassDefFoundError: jmonkey/office/jwp/support/EditorActionManager
	at java.lang.Class.getDeclaredMethods0(Native Method)
	at java.lang.Class.privateGetDeclaredMethods(Class.java:2475)
	at java.lang.Class.getDeclaredMethod(Class.java:1962)
	at java.awt.Component.isCoalesceEventsOverriden(Component.java:6099)
	at java.awt.Component.access$500(Component.java:169)
	at java.awt.Component$3.run(Component.java:6053)
	at java.awt.Component$3.run(Component.java:6051)
	at java.security.AccessController.doPrivileged(Native Method)
	at java.awt.Component.checkCoalescing(Component.java:6050)
	at java.awt.Component.&lt;init&gt;(Component.java:6019)
	at java.awt.Container.&lt;init&gt;(Container.java:249)
	at java.awt.Window.&lt;init&gt;(Window.java:432)
	at java.awt.Frame.&lt;init&gt;(Frame.java:403)
	at java.awt.Frame.&lt;init&gt;(Frame.java:368)
	at javax.swing.JFrame.&lt;init&gt;(JFrame.java:158)
	at jmonkey.office.jwp.JWP.&lt;init&gt;(JWP.java:1075)
	at jmonkey.office.jwp.support.EditorTest.testEditorCreatedForText(EditorTest.java:21)
	at sun.reflect.NativeMethodAccessorImpl.invoke0(Native Method)
	at sun.reflect.NativeMethodAccessorImpl.invoke(NativeMethodAccessorImpl.java:39)
	at sun.reflect.DelegatingMethodAccessorImpl.invoke(DelegatingMethodAccessorImpl.java:25)
	at java.lang.reflect.Method.invoke(Method.java:597)
	at org.junit.runners.model.FrameworkMethod$1.runReflectiveCall(FrameworkMethod.java:44)
	at org.junit.internal.runners.model.ReflectiveCallable.run(ReflectiveCallable.java:15)
	at org.junit.runners.model.FrameworkMethod.invokeExplosively(FrameworkMethod.java:41)
	at org.junit.internal.runners.statements.InvokeMethod.evaluate(InvokeMethod.java:20)
	at org.junit.runners.BlockJUnit4ClassRunner.runNotIgnored(BlockJUnit4ClassRunner.java:79)
	at org.junit.runners.BlockJUnit4ClassRunner.runChild(BlockJUnit4ClassRunner.java:71)
	at org.junit.runners.BlockJUnit4ClassRunner.runChild(BlockJUnit4ClassRunner.java:49)
	at org.junit.runners.ParentRunner$3.run(ParentRunner.java:193)
	at org.junit.runners.ParentRunner$1.schedule(ParentRunner.java:52)
	at org.junit.runners.ParentRunner.runChildren(ParentRunner.java:191)
	at org.junit.runners.ParentRunner.access$000(ParentRunner.java:42)
	at org.junit.runners.ParentRunner$2.evaluate(ParentRunner.java:184)
	at org.junit.runners.ParentRunner.run(ParentRunner.java:236)
	at org.eclipse.jdt.internal.junit4.runner.JUnit4TestReference.run(JUnit4TestReference.java:50)
	at org.eclipse.jdt.internal.junit.runner.TestExecution.run(TestExecution.java:38)
	at org.eclipse.jdt.internal.junit.runner.RemoteTestRunner.runTests(RemoteTestRunner.java:467)
	at org.eclipse.jdt.internal.junit.runner.RemoteTestRunner.runTests(RemoteTestRunner.java:683)
	at org.eclipse.jdt.internal.junit.runner.RemoteTestRunner.run(RemoteTestRunner.java:390)
	at org.eclipse.jdt.internal.junit.runner.RemoteTestRunner.main(RemoteTestRunner.java:197)
Caused by: java.lang.ClassNotFoundException: jmonkey.office.jwp.support.EditorActionManager
	at java.net.URLClassLoader$1.run(URLClassLoader.java:202)
	at java.security.AccessController.doPrivileged(Native Method)
	at java.net.URLClassLoader.findClass(URLClassLoader.java:190)
	at java.lang.ClassLoader.loadClass(ClassLoader.java:306)
	at sun.misc.Launcher$AppClassLoader.loadClass(Launcher.java:301)
	at java.lang.ClassLoader.loadClass(ClassLoader.java:247)
	... 40 more

</error>
    </testcase>
    <testcase name="testEditorCreatedForExtension" classname="jmonkey.office.jwp.support.EditorTest" time="0.002">
      <error>java.lang.NoClassDefFoundError: jmonkey/office/jwp/support/EditorActionManager
	at java.lang.Class.getDeclaredMethods0(Native Method)
	at java.lang.Class.privateGetDeclaredMethods(Class.java:2475)
	at java.lang.Class.getDeclaredMethod(Class.java:1962)
	at java.awt.Component.isCoalesceEventsOverriden(Component.java:6099)
	at java.awt.Component.access$500(Component.java:169)
	at java.awt.Component$3.run(Component.java:6053)
	at java.awt.Component$3.run(Component.java:6051)
	at java.security.AccessController.doPrivileged(Native Method)
	at java.awt.Component.checkCoalescing(Component.java:6050)
	at java.awt.Component.&lt;init&gt;(Component.java:6019)
	at java.awt.Container.&lt;init&gt;(Container.java:249)
	at java.awt.Window.&lt;init&gt;(Window.java:432)
	at java.awt.Frame.&lt;init&gt;(Frame.java:403)
	at java.awt.Frame.&lt;init&gt;(Frame.java:368)
	at javax.swing.JFrame.&lt;init&gt;(JFrame.java:158)
	at jmonkey.office.jwp.JWP.&lt;init&gt;(JWP.java:1075)
	at jmonkey.office.jwp.support.EditorTest.testEditorCreatedForExtension(EditorTest.java:36)
	at sun.reflect.NativeMethodAccessorImpl.invoke0(Native Method)
	at sun.reflect.NativeMethodAccessorImpl.invoke(NativeMethodAccessorImpl.java:39)
	at sun.reflect.DelegatingMethodAccessorImpl.invoke(DelegatingMethodAccessorImpl.java:25)
	at java.lang.reflect.Method.invoke(Method.java:597)
	at org.junit.runners.model.FrameworkMethod$1.runReflectiveCall(FrameworkMethod.java:44)
	at org.junit.internal.runners.model.ReflectiveCallable.run(ReflectiveCallable.java:15)
	at org.junit.runners.model.FrameworkMethod.invokeExplosively(FrameworkMethod.java:41)
	at org.junit.internal.runners.statements.InvokeMethod.evaluate(InvokeMethod.java:20)
	at org.junit.runners.BlockJUnit4ClassRunner.runNotIgnored(BlockJUnit4ClassRunner.java:79)
	at org.junit.runners.BlockJUnit4ClassRunner.runChild(BlockJUnit4ClassRunner.java:71)
	at org.junit.runners.BlockJUnit4ClassRunner.runChild(BlockJUnit4ClassRunner.java:49)
	at org.junit.runners.ParentRunner$3.run(ParentRunner.java:193)
	at org.junit.runners.ParentRunner$1.schedule(ParentRunner.java:52)
	at org.junit.runners.ParentRunner.runChildren(ParentRunner.java:191)
	at org.junit.runners.ParentRunner.access$000(ParentRunner.java:42)
	at org.junit.runners.ParentRunner$2.evaluate(ParentRunner.java:184)
	at org.junit.runners.ParentRunner.run(ParentRunner.java:236)
	at org.eclipse.jdt.internal.junit4.runner.JUnit4TestReference.run(JUnit4TestReference.java:50)
	at org.eclipse.jdt.internal.junit.runner.TestExecution.run(TestExecution.java:38)
	at org.eclipse.jdt.internal.junit.runner.RemoteTestRunner.runTests(RemoteTestRunner.java:467)
	at org.eclipse.jdt.internal.junit.runner.RemoteTestRunner.runTests(RemoteTestRunner.java:683)
	at org.eclipse.jdt.internal.junit.runner.RemoteTestRunner.run(RemoteTestRunner.java:390)
	at org.eclipse.jdt.internal.junit.runner.RemoteTestRunner.main(RemoteTestRunner.java:197)
Caused by: java.lang.ClassNotFoundException: jmonkey.office.jwp.support.EditorActionManager
	at java.net.URLClassLoader$1.run(URLClassLoader.java:202)
	at java.security.AccessController.doPrivileged(Native Method)
	at java.net.URLClassLoader.findClass(URLClassLoader.java:190)
	at java.lang.ClassLoader.loadClass(ClassLoader.java:306)
	at sun.misc.Launcher$AppClassLoader.loadClass(Launcher.java:301)
	at java.lang.ClassLoader.loadClass(ClassLoader.java:247)
	... 40 more

</error>
    </testcase>
    <testcase name="testUndoManagerInit" classname="jmonkey.office.jwp.support.EditorTest" time="0.002">
      <error>java.lang.NoClassDefFoundError: jmonkey/office/jwp/support/EditorActionManager
	at java.lang.Class.getDeclaredMethods0(Native Method)
	at java.lang.Class.privateGetDeclaredMethods(Class.java:2475)
	at java.lang.Class.getDeclaredMethod(Class.java:1962)
	at java.awt.Component.isCoalesceEventsOverriden(Component.java:6099)
	at java.awt.Component.access$500(Component.java:169)
	at java.awt.Component$3.run(Component.java:6053)
	at java.awt.Component$3.run(Component.java:6051)
	at java.security.AccessController.doPrivileged(Native Method)
	at java.awt.Component.checkCoalescing(Component.java:6050)
	at java.awt.Component.&lt;init&gt;(Component.java:6019)
	at java.awt.Container.&lt;init&gt;(Container.java:249)
	at java.awt.Window.&lt;init&gt;(Window.java:432)
	at java.awt.Frame.&lt;init&gt;(Frame.java:403)
	at java.awt.Frame.&lt;init&gt;(Frame.java:368)
	at javax.swing.JFrame.&lt;init&gt;(JFrame.java:158)
	at jmonkey.office.jwp.JWP.&lt;init&gt;(JWP.java:1075)
	at jmonkey.office.jwp.support.EditorTest.testUndoManagerInit(EditorTest.java:51)
	at sun.reflect.NativeMethodAccessorImpl.invoke0(Native Method)
	at sun.reflect.NativeMethodAccessorImpl.invoke(NativeMethodAccessorImpl.java:39)
	at sun.reflect.DelegatingMethodAccessorImpl.invoke(DelegatingMethodAccessorImpl.java:25)
	at java.lang.reflect.Method.invoke(Method.java:597)
	at org.junit.runners.model.FrameworkMethod$1.runReflectiveCall(FrameworkMethod.java:44)
	at org.junit.internal.runners.model.ReflectiveCallable.run(ReflectiveCallable.java:15)
	at org.junit.runners.model.FrameworkMethod.invokeExplosively(FrameworkMethod.java:41)
	at org.junit.internal.runners.statements.InvokeMethod.evaluate(InvokeMethod.java:20)
	at org.junit.runners.BlockJUnit4ClassRunner.runNotIgnored(BlockJUnit4ClassRunner.java:79)
	at org.junit.runners.BlockJUnit4ClassRunner.runChild(BlockJUnit4ClassRunner.java:71)
	at org.junit.runners.BlockJUnit4ClassRunner.runChild(BlockJUnit4ClassRunner.java:49)
	at org.junit.runners.ParentRunner$3.run(ParentRunner.java:193)
	at org.junit.runners.ParentRunner$1.schedule(ParentRunner.java:52)
	at org.junit.runners.ParentRunner.runChildren(ParentRunner.java:191)
	at org.junit.runners.ParentRunner.access$000(ParentRunner.java:42)
	at org.junit.runners.ParentRunner$2.evaluate(ParentRunner.java:184)
	at org.junit.runners.ParentRunner.run(ParentRunner.java:236)
	at org.eclipse.jdt.internal.junit4.runner.JUnit4TestReference.run(JUnit4TestReference.java:50)
	at org.eclipse.jdt.internal.junit.runner.TestExecution.run(TestExecution.java:38)
	at org.eclipse.jdt.internal.junit.runner.RemoteTestRunner.runTests(RemoteTestRunner.java:467)
	at org.eclipse.jdt.internal.junit.runner.RemoteTestRunner.runTests(RemoteTestRunner.java:683)
	at org.eclipse.jdt.internal.junit.runner.RemoteTestRunner.run(RemoteTestRunner.java:390)
	at org.eclipse.jdt.internal.junit.runner.RemoteTestRunner.main(RemoteTestRunner.java:197)
Caused by: java.lang.ClassNotFoundException: jmonkey.office.jwp.support.EditorActionManager
	at java.net.URLClassLoader$1.run(URLClassLoader.java:202)
	at java.security.AccessController.doPrivileged(Native Method)
	at java.net.URLClassLoader.findClass(URLClassLoader.java:190)
	at java.lang.ClassLoader.loadClass(ClassLoader.java:306)
	at sun.misc.Launcher$AppClassLoader.loadClass(Launcher.java:301)
	at java.lang.ClassLoader.loadClass(ClassLoader.java:247)
	... 40 more

</error>
    </testcase>
    <testcase name="testRegistryInit" classname="jmonkey.office.jwp.support.EditorTest" time="0.002">
      <error>java.lang.NoClassDefFoundError: jmonkey/office/jwp/support/EditorActionManager
	at java.lang.Class.getDeclaredMethods0(Native Method)
	at java.lang.Class.privateGetDeclaredMethods(Class.java:2475)
	at java.lang.Class.getDeclaredMethod(Class.java:1962)
	at java.awt.Component.isCoalesceEventsOverriden(Component.java:6099)
	at java.awt.Component.access$500(Component.java:169)
	at java.awt.Component$3.run(Component.java:6053)
	at java.awt.Component$3.run(Component.java:6051)
	at java.security.AccessController.doPrivileged(Native Method)
	at java.awt.Component.checkCoalescing(Component.java:6050)
	at java.awt.Component.&lt;init&gt;(Component.java:6019)
	at java.awt.Container.&lt;init&gt;(Container.java:249)
	at java.awt.Window.&lt;init&gt;(Window.java:432)
	at java.awt.Frame.&lt;init&gt;(Frame.java:403)
	at java.awt.Frame.&lt;init&gt;(Frame.java:368)
	at javax.swing.JFrame.&lt;init&gt;(JFrame.java:158)
	at jmonkey.office.jwp.JWP.&lt;init&gt;(JWP.java:1075)
	at jmonkey.office.jwp.support.EditorTest.testRegistryInit(EditorTest.java:61)
	at sun.reflect.NativeMethodAccessorImpl.invoke0(Native Method)
	at sun.reflect.NativeMethodAccessorImpl.invoke(NativeMethodAccessorImpl.java:39)
	at sun.reflect.DelegatingMethodAccessorImpl.invoke(DelegatingMethodAccessorImpl.java:25)
	at java.lang.reflect.Method.invoke(Method.java:597)
	at org.junit.runners.model.FrameworkMethod$1.runReflectiveCall(FrameworkMethod.java:44)
	at org.junit.internal.runners.model.ReflectiveCallable.run(ReflectiveCallable.java:15)
	at org.junit.runners.model.FrameworkMethod.invokeExplosively(FrameworkMethod.java:41)
	at org.junit.internal.runners.statements.InvokeMethod.evaluate(InvokeMethod.java:20)
	at org.junit.runners.BlockJUnit4ClassRunner.runNotIgnored(BlockJUnit4ClassRunner.java:79)
	at org.junit.runners.BlockJUnit4ClassRunner.runChild(BlockJUnit4ClassRunner.java:71)
	at org.junit.runners.BlockJUnit4ClassRunner.runChild(BlockJUnit4ClassRunner.java:49)
	at org.junit.runners.ParentRunner$3.run(ParentRunner.java:193)
	at org.junit.runners.ParentRunner$1.schedule(ParentRunner.java:52)
	at org.junit.runners.ParentRunner.runChildren(ParentRunner.java:191)
	at org.junit.runners.ParentRunner.access$000(ParentRunner.java:42)
	at org.junit.runners.ParentRunner$2.evaluate(ParentRunner.java:184)
	at org.junit.runners.ParentRunner.run(ParentRunner.java:236)
	at org.eclipse.jdt.internal.junit4.runner.JUnit4TestReference.run(JUnit4TestReference.java:50)
	at org.eclipse.jdt.internal.junit.runner.TestExecution.run(TestExecution.java:38)
	at org.eclipse.jdt.internal.junit.runner.RemoteTestRunner.runTests(RemoteTestRunner.java:467)
	at org.eclipse.jdt.internal.junit.runner.RemoteTestRunner.runTests(RemoteTestRunner.java:683)
	at org.eclipse.jdt.internal.junit.runner.RemoteTestRunner.run(RemoteTestRunner.java:390)
	at org.eclipse.jdt.internal.junit.runner.RemoteTestRunner.main(RemoteTestRunner.java:197)
Caused by: java.lang.ClassNotFoundException: jmonkey.office.jwp.support.EditorActionManager
	at java.net.URLClassLoader$1.run(URLClassLoader.java:202)
	at java.security.AccessController.doPrivileged(Native Method)
	at java.net.URLClassLoader.findClass(URLClassLoader.java:190)
	at java.lang.ClassLoader.loadClass(ClassLoader.java:306)
	at sun.misc.Launcher$AppClassLoader.loadClass(Launcher.java:301)
	at java.lang.ClassLoader.loadClass(ClassLoader.java:247)
	... 40 more

</error>
    </testcase>
  </testsuite>
  <testsuite name="jmonkey.office.jwp.JWPTest" time="0.002">
    <testcase name="testInitializationOfRgistry" classname="jmonkey.office.jwp.JWPTest" time="0.002">
      <error>java.lang.NoClassDefFoundError: jmonkey/office/jwp/support/EditorActionManager
	at java.lang.Class.getDeclaredMethods0(Native Method)
	at java.lang.Class.privateGetDeclaredMethods(Class.java:2475)
	at java.lang.Class.getDeclaredMethod(Class.java:1962)
	at java.awt.Component.isCoalesceEventsOverriden(Component.java:6099)
	at java.awt.Component.access$500(Component.java:169)
	at java.awt.Component$3.run(Component.java:6053)
	at java.awt.Component$3.run(Component.java:6051)
	at java.security.AccessController.doPrivileged(Native Method)
	at java.awt.Component.checkCoalescing(Component.java:6050)
	at java.awt.Component.&lt;init&gt;(Component.java:6019)
	at java.awt.Container.&lt;init&gt;(Container.java:249)
	at java.awt.Window.&lt;init&gt;(Window.java:432)
	at java.awt.Frame.&lt;init&gt;(Frame.java:403)
	at java.awt.Frame.&lt;init&gt;(Frame.java:368)
	at javax.swing.JFrame.&lt;init&gt;(JFrame.java:158)
	at jmonkey.office.jwp.JWP.&lt;init&gt;(JWP.java:1075)
	at jmonkey.office.jwp.JWPTest.testInitializationOfRgistry(JWPTest.java:12)
	at sun.reflect.NativeMethodAccessorImpl.invoke0(Native Method)
	at sun.reflect.NativeMethodAccessorImpl.invoke(NativeMethodAccessorImpl.java:39)
	at sun.reflect.DelegatingMethodAccessorImpl.invoke(DelegatingMethodAccessorImpl.java:25)
	at java.lang.reflect.Method.invoke(Method.java:597)
	at org.junit.runners.model.FrameworkMethod$1.runReflectiveCall(FrameworkMethod.java:44)
	at org.junit.internal.runners.model.ReflectiveCallable.run(ReflectiveCallable.java:15)
	at org.junit.runners.model.FrameworkMethod.invokeExplosively(FrameworkMethod.java:41)
	at org.junit.internal.runners.statements.InvokeMethod.evaluate(InvokeMethod.java:20)
	at org.junit.runners.BlockJUnit4ClassRunner.runNotIgnored(BlockJUnit4ClassRunner.java:79)
	at org.junit.runners.BlockJUnit4ClassRunner.runChild(BlockJUnit4ClassRunner.java:71)
	at org.junit.runners.BlockJUnit4ClassRunner.runChild(BlockJUnit4ClassRunner.java:49)
	at org.junit.runners.ParentRunner$3.run(ParentRunner.java:193)
	at org.junit.runners.ParentRunner$1.schedule(ParentRunner.java:52)
	at org.junit.runners.ParentRunner.runChildren(ParentRunner.java:191)
	at org.junit.runners.ParentRunner.access$000(ParentRunner.java:42)
	at org.junit.runners.ParentRunner$2.evaluate(ParentRunner.java:184)
	at org.junit.runners.ParentRunner.run(ParentRunner.java:236)
	at org.eclipse.jdt.internal.junit4.runner.JUnit4TestReference.run(JUnit4TestReference.java:50)
	at org.eclipse.jdt.internal.junit.runner.TestExecution.run(TestExecution.java:38)
	at org.eclipse.jdt.internal.junit.runner.RemoteTestRunner.runTests(RemoteTestRunner.java:467)
	at org.eclipse.jdt.internal.junit.runner.RemoteTestRunner.runTests(RemoteTestRunner.java:683)
	at org.eclipse.jdt.internal.junit.runner.RemoteTestRunner.run(RemoteTestRunner.java:390)
	at org.eclipse.jdt.internal.junit.runner.RemoteTestRunner.main(RemoteTestRunner.java:197)
Caused by: java.lang.ClassNotFoundException: jmonkey.office.jwp.support.EditorActionManager
	at java.net.URLClassLoader$1.run(URLClassLoader.java:202)
	at java.security.AccessController.doPrivileged(Native Method)
	at java.net.URLClassLoader.findClass(URLClassLoader.java:190)
	at java.lang.ClassLoader.loadClass(ClassLoader.java:306)
	at sun.misc.Launcher$AppClassLoader.loadClass(Launcher.java:301)
	at java.lang.ClassLoader.loadClass(ClassLoader.java:247)
	... 40 more

</error>
    </testcase>
  </testsuite>
  <testsuite name="jmonkey.export.RegistryImplTest" time="0.063">
    <testcase name="test_RegistryImpl1_Null" classname="jmonkey.export.RegistryImplTest" time="0.022"/>
    <testcase name="test_RegistryImpl1_valid" classname="jmonkey.export.RegistryImplTest" time="0.0"/>
    <testcase name="test_RegistryImpl2_emptyFile" classname="jmonkey.export.RegistryImplTest" time="0.002"/>
    <testcase name="test_RegistryImpl2_invalidVersion" classname="jmonkey.export.RegistryImplTest" time="0.0"/>
    <testcase name="test_toString" classname="jmonkey.export.RegistryImplTest" time="0.01"/>
    <testcase name="test_commit" classname="jmonkey.export.RegistryImplTest" time="0.001"/>
    <testcase name="test_revert" classname="jmonkey.export.RegistryImplTest" time="0.0"/>
    <testcase name="test_stringToVersion_valid" classname="jmonkey.export.RegistryImplTest" time="0.009"/>
    <testcase name="test_stringToVersion_null" classname="jmonkey.export.RegistryImplTest" time="0.0">
      <failure>java.lang.AssertionError: unexpected IllegalArgumentException in test_stringToVersion
	at org.junit.Assert.fail(Assert.java:91)
	at jmonkey.export.RegistryImplTest.test_stringToVersion_null(RegistryImplTest.java:142)
	at sun.reflect.NativeMethodAccessorImpl.invoke0(Native Method)
	at sun.reflect.NativeMethodAccessorImpl.invoke(NativeMethodAccessorImpl.java:39)
	at sun.reflect.DelegatingMethodAccessorImpl.invoke(DelegatingMethodAccessorImpl.java:25)
	at java.lang.reflect.Method.invoke(Method.java:597)
	at org.junit.runners.model.FrameworkMethod$1.runReflectiveCall(FrameworkMethod.java:44)
	at org.junit.internal.runners.model.ReflectiveCallable.run(ReflectiveCallable.java:15)
	at org.junit.runners.model.FrameworkMethod.invokeExplosively(FrameworkMethod.java:41)
	at org.junit.internal.runners.statements.InvokeMethod.evaluate(InvokeMethod.java:20)
	at org.junit.runners.BlockJUnit4ClassRunner.runNotIgnored(BlockJUnit4ClassRunner.java:79)
	at org.junit.runners.BlockJUnit4ClassRunner.runChild(BlockJUnit4ClassRunner.java:71)
	at org.junit.runners.BlockJUnit4ClassRunner.runChild(BlockJUnit4ClassRunner.java:49)
	at org.junit.runners.ParentRunner$3.run(ParentRunner.java:193)
	at org.junit.runners.ParentRunner$1.schedule(ParentRunner.java:52)
	at org.junit.runners.ParentRunner.runChildren(ParentRunner.java:191)
	at org.junit.runners.ParentRunner.access$000(ParentRunner.java:42)
	at org.junit.runners.ParentRunner$2.evaluate(ParentRunner.java:184)
	at org.junit.runners.ParentRunner.run(ParentRunner.java:236)
	at org.eclipse.jdt.internal.junit4.runner.JUnit4TestReference.run(JUnit4TestReference.java:50)
	at org.eclipse.jdt.internal.junit.runner.TestExecution.run(TestExecution.java:38)
	at org.eclipse.jdt.internal.junit.runner.RemoteTestRunner.runTests(RemoteTestRunner.java:467)
	at org.eclipse.jdt.internal.junit.runner.RemoteTestRunner.runTests(RemoteTestRunner.java:683)
	at org.eclipse.jdt.internal.junit.runner.RemoteTestRunner.run(RemoteTestRunner.java:390)
	at org.eclipse.jdt.internal.junit.runner.RemoteTestRunner.main(RemoteTestRunner.java:197)

</failure>
    </testcase>
    <testcase name="test_versionToString_valid" classname="jmonkey.export.RegistryImplTest" time="0.001"/>
    <testcase name="test_checkVersion_valid" classname="jmonkey.export.RegistryImplTest" time="0.0"/>
    <testcase name="test_checkVersion_invalid" classname="jmonkey.export.RegistryImplTest" time="0.0"/>
    <testcase name="test_setBasicProperty_valid" classname="jmonkey.export.RegistryImplTest" time="0.001"/>
    <testcase name="test_setBasicProperty_invalidValue" classname="jmonkey.export.RegistryImplTest" time="0.0"/>
    <testcase name="test_getBasicProperty_missingKey" classname="jmonkey.export.RegistryImplTest" time="0.0"/>
    <testcase name="test_isArrayType" classname="jmonkey.export.RegistryImplTest" time="0.008"/>
    <testcase name="test_isArrayType_nullGroup" classname="jmonkey.export.RegistryImplTest" time="0.0"/>
    <testcase name="test_isArrayType_nullKey" classname="jmonkey.export.RegistryImplTest" time="0.0"/>
    <testcase name="test_getType" classname="jmonkey.export.RegistryImplTest" time="0.0"/>
    <testcase name="test_getType_nullGroup" classname="jmonkey.export.RegistryImplTest" time="0.0"/>
    <testcase name="test_getType_nullKey" classname="jmonkey.export.RegistryImplTest" time="0.0"/>
    <testcase name="test_typeToMarker_valid" classname="jmonkey.export.RegistryImplTest" time="0.0"/>
    <testcase name="test_typeToMarker_invalid" classname="jmonkey.export.RegistryImplTest" time="0.001"/>
    <testcase name="test_markerToType_valid" classname="jmonkey.export.RegistryImplTest" time="0.0"/>
    <testcase name="test_markerToType_invalid" classname="jmonkey.export.RegistryImplTest" time="0.0"/>
    <testcase name="test_markerToType_null" classname="jmonkey.export.RegistryImplTest" time="0.001">
      <error>java.lang.NullPointerException
	at jmonkey.export.RegistryImpl.markerToType(RegistryImpl.java:434)
	at jmonkey.export.RegistryImplTest.test_markerToType_null(RegistryImplTest.java:458)
	at sun.reflect.NativeMethodAccessorImpl.invoke0(Native Method)
	at sun.reflect.NativeMethodAccessorImpl.invoke(NativeMethodAccessorImpl.java:39)
	at sun.reflect.DelegatingMethodAccessorImpl.invoke(DelegatingMethodAccessorImpl.java:25)
	at java.lang.reflect.Method.invoke(Method.java:597)
	at org.junit.runners.model.FrameworkMethod$1.runReflectiveCall(FrameworkMethod.java:44)
	at org.junit.internal.runners.model.ReflectiveCallable.run(ReflectiveCallable.java:15)
	at org.junit.runners.model.FrameworkMethod.invokeExplosively(FrameworkMethod.java:41)
	at org.junit.internal.runners.statements.InvokeMethod.evaluate(InvokeMethod.java:20)
	at org.junit.runners.BlockJUnit4ClassRunner.runNotIgnored(BlockJUnit4ClassRunner.java:79)
	at org.junit.runners.BlockJUnit4ClassRunner.runChild(BlockJUnit4ClassRunner.java:71)
	at org.junit.runners.BlockJUnit4ClassRunner.runChild(BlockJUnit4ClassRunner.java:49)
	at org.junit.runners.ParentRunner$3.run(ParentRunner.java:193)
	at org.junit.runners.ParentRunner$1.schedule(ParentRunner.java:52)
	at org.junit.runners.ParentRunner.runChildren(ParentRunner.java:191)
	at org.junit.runners.ParentRunner.access$000(ParentRunner.java:42)
	at org.junit.runners.ParentRunner$2.evaluate(ParentRunner.java:184)
	at org.junit.runners.ParentRunner.run(ParentRunner.java:236)
	at org.eclipse.jdt.internal.junit4.runner.JUnit4TestReference.run(JUnit4TestReference.java:50)
	at org.eclipse.jdt.internal.junit.runner.TestExecution.run(TestExecution.java:38)
	at org.eclipse.jdt.internal.junit.runner.RemoteTestRunner.runTests(RemoteTestRunner.java:467)
	at org.eclipse.jdt.internal.junit.runner.RemoteTestRunner.runTests(RemoteTestRunner.java:683)
	at org.eclipse.jdt.internal.junit.runner.RemoteTestRunner.run(RemoteTestRunner.java:390)
	at org.eclipse.jdt.internal.junit.runner.RemoteTestRunner.main(RemoteTestRunner.java:197)

</error>
    </testcase>
    <testcase name="test_encode_valid" classname="jmonkey.export.RegistryImplTest" time="0.004"/>
    <testcase name="test_encode_null" classname="jmonkey.export.RegistryImplTest" time="0.0"/>
    <testcase name="test_decode_valid" classname="jmonkey.export.RegistryImplTest" time="0.001"/>
    <testcase name="test_decode_null" classname="jmonkey.export.RegistryImplTest" time="0.001"/>
  </testsuite>
</testrun>
