<?xml version="1.0" encoding="UTF-8"?>
<testrun name="com" project="JWP" tests="97" started="97" failures="1" errors="5" ignored="0">
  <testsuite name="jmonkey.office.jwp.DocumentFrameTest" time="0.941">
    <testcase name="testConstruction" classname="jmonkey.office.jwp.DocumentFrameTest" time="0.891"/>
    <testcase name="test_getName" classname="jmonkey.office.jwp.DocumentFrameTest" time="0.002"/>
    <testcase name="test_internalFrameOpened" classname="jmonkey.office.jwp.DocumentFrameTest" time="0.001"/>
    <testcase name="test_internalFrameClosing" classname="jmonkey.office.jwp.DocumentFrameTest" time="0.002"/>
    <testcase name="test_internalFrameClosed" classname="jmonkey.office.jwp.DocumentFrameTest" time="0.001"/>
    <testcase name="test_internalFrameIconified" classname="jmonkey.office.jwp.DocumentFrameTest" time="0.002"/>
    <testcase name="test_internalFrameDeiconified" classname="jmonkey.office.jwp.DocumentFrameTest" time="0.001"/>
    <testcase name="test_internalFrameDeactivated" classname="jmonkey.office.jwp.DocumentFrameTest" time="0.002"/>
    <testcase name="test_focusLost" classname="jmonkey.office.jwp.DocumentFrameTest" time="0.001"/>
    <testcase name="test_activate" classname="jmonkey.office.jwp.DocumentFrameTest" time="0.012"/>
    <testcase name="test_focus_gained" classname="jmonkey.office.jwp.DocumentFrameTest" time="0.026"/>
  </testsuite>
  <testsuite name="jmonkey.office.jwp.support.PropertySheetDialogTest" time="0.493">
    <testcase name="test_PropertySheetDialog" classname="jmonkey.office.jwp.support.PropertySheetDialogTest" time="0.094"/>
    <testcase name="test_isCellEditable" classname="jmonkey.office.jwp.support.PropertySheetDialogTest" time="0.04"/>
    <testcase name="test_getColumnName" classname="jmonkey.office.jwp.support.PropertySheetDialogTest" time="0.049"/>
    <testcase name="test_getColumnClass" classname="jmonkey.office.jwp.support.PropertySheetDialogTest" time="0.051"/>
    <testcase name="test_getValueAt" classname="jmonkey.office.jwp.support.PropertySheetDialogTest" time="0.05"/>
    <testcase name="test_setValueAt" classname="jmonkey.office.jwp.support.PropertySheetDialogTest" time="0.036"/>
    <testcase name="test_doExit" classname="jmonkey.office.jwp.support.PropertySheetDialogTest" time="0.173"/>
  </testsuite>
  <testsuite name="jmonkey.office.jwp.support.EditorActionManagerTest" time="0.224">
    <testcase name="test_EditorActionManager_valid" classname="jmonkey.office.jwp.support.EditorActionManagerTest" time="0.036"/>
    <testcase name="test_EditorActionManager_invalid1" classname="jmonkey.office.jwp.support.EditorActionManagerTest" time="0.007"/>
    <testcase name="test_EditorActionManager_invalid2" classname="jmonkey.office.jwp.support.EditorActionManagerTest" time="0.001"/>
    <testcase name="test_EditorActionManager_invalid3" classname="jmonkey.office.jwp.support.EditorActionManagerTest" time="0.0"/>
    <testcase name="test_createInputAttributes_invalid" classname="jmonkey.office.jwp.support.EditorActionManagerTest" time="0.016"/>
    <testcase name="test_activate_valid" classname="jmonkey.office.jwp.support.EditorActionManagerTest" time="0.02"/>
    <testcase name="test_activate_invalid" classname="jmonkey.office.jwp.support.EditorActionManagerTest" time="0.008"/>
    <testcase name="test_deactivate_valid" classname="jmonkey.office.jwp.support.EditorActionManagerTest" time="0.024"/>
    <testcase name="test_deactivate_invalid" classname="jmonkey.office.jwp.support.EditorActionManagerTest" time="0.013"/>
    <testcase name="test_getActionByKey_invalid1" classname="jmonkey.office.jwp.support.EditorActionManagerTest" time="0.009"/>
    <testcase name="test_getActionByKey_invalid2" classname="jmonkey.office.jwp.support.EditorActionManagerTest" time="0.007"/>
    <testcase name="test_getColourAction_valid" classname="jmonkey.office.jwp.support.EditorActionManagerTest" time="0.006"/>
    <testcase name="test_getColourAction_invalid1" classname="jmonkey.office.jwp.support.EditorActionManagerTest" time="0.006"/>
    <testcase name="test_getColourAction_invalid2" classname="jmonkey.office.jwp.support.EditorActionManagerTest" time="0.01"/>
    <testcase name="test_getFontFaceAction_valid" classname="jmonkey.office.jwp.support.EditorActionManagerTest" time="0.009"/>
    <testcase name="test_getFontFaceAction_invalid" classname="jmonkey.office.jwp.support.EditorActionManagerTest" time="0.008"/>
    <testcase name="test_getFontSizeAction_valid" classname="jmonkey.office.jwp.support.EditorActionManagerTest" time="0.006"/>
    <testcase name="test_getFontSizeAction_invalid" classname="jmonkey.office.jwp.support.EditorActionManagerTest" time="0.006"/>
    <testcase name="test_setCharacterAttributes_invalid" classname="jmonkey.office.jwp.support.EditorActionManagerTest" time="0.007"/>
    <testcase name="test_getCharacterAttributes_valid" classname="jmonkey.office.jwp.support.EditorActionManagerTest" time="0.011"/>
    <testcase name="test_getCharacterAttributes_invalid" classname="jmonkey.office.jwp.support.EditorActionManagerTest" time="0.006"/>
    <testcase name="test_setParagraphAttributes_invalid" classname="jmonkey.office.jwp.support.EditorActionManagerTest" time="0.007"/>
  </testsuite>
  <testsuite name="jmonkey.office.jwp.DocumentManagerTest" time="0.012">
    <testcase name="test_DocumentManager_valid" classname="jmonkey.office.jwp.DocumentManagerTest" time="0.003"/>
    <testcase name="test_DocumentManager_invalid" classname="jmonkey.office.jwp.DocumentManagerTest" time="0.009">
      <error>java.lang.NullPointerException
	at jmonkey.office.jwp.DocumentManager.&lt;init&gt;(DocumentManager.java:46)
	at jmonkey.office.jwp.DocumentManagerTest.test_DocumentManager_invalid(DocumentManagerTest.java:23)
	at sun.reflect.NativeMethodAccessorImpl.invoke0(Native Method)
	at sun.reflect.NativeMethodAccessorImpl.invoke(NativeMethodAccessorImpl.java:39)
	at sun.reflect.DelegatingMethodAccessorImpl.invoke(DelegatingMethodAccessorImpl.java:25)
	at java.lang.reflect.Method.invoke(Method.java:597)
	at org.junit.runners.model.FrameworkMethod$1.runReflectiveCall(FrameworkMethod.java:44)
	at org.junit.internal.runners.model.ReflectiveCallable.run(ReflectiveCallable.java:15)
	at org.junit.runners.model.FrameworkMethod.invokeExplosively(FrameworkMethod.java:41)
	at org.junit.internal.runners.statements.InvokeMethod.evaluate(InvokeMethod.java:20)
	at org.junit.runners.BlockJUnit4ClassRunner.runNotIgnored(BlockJUnit4ClassRunner.java:79)
	at org.junit.runners.BlockJUnit4ClassRunner.runChild(BlockJUnit4ClassRunner.java:71)
	at org.junit.runners.BlockJUnit4ClassRunner.runChild(BlockJUnit4ClassRunner.java:49)
	at org.junit.runners.ParentRunner$3.run(ParentRunner.java:193)
	at org.junit.runners.ParentRunner$1.schedule(ParentRunner.java:52)
	at org.junit.runners.ParentRunner.runChildren(ParentRunner.java:191)
	at org.junit.runners.ParentRunner.access$000(ParentRunner.java:42)
	at org.junit.runners.ParentRunner$2.evaluate(ParentRunner.java:184)
	at org.junit.runners.ParentRunner.run(ParentRunner.java:236)
	at org.eclipse.jdt.internal.junit4.runner.JUnit4TestReference.run(JUnit4TestReference.java:50)
	at org.eclipse.jdt.internal.junit.runner.TestExecution.run(TestExecution.java:38)
	at org.eclipse.jdt.internal.junit.runner.RemoteTestRunner.runTests(RemoteTestRunner.java:467)
	at org.eclipse.jdt.internal.junit.runner.RemoteTestRunner.runTests(RemoteTestRunner.java:683)
	at org.eclipse.jdt.internal.junit.runner.RemoteTestRunner.run(RemoteTestRunner.java:390)
	at org.eclipse.jdt.internal.junit.runner.RemoteTestRunner.main(RemoteTestRunner.java:197)

</error>
    </testcase>
  </testsuite>
  <testsuite name="jmonkey.office.jwp.support.ActionComboBoxTest" time="0.164">
    <testcase name="testNoItems" classname="jmonkey.office.jwp.support.ActionComboBoxTest" time="0.032"/>
    <testcase name="testEmptyList" classname="jmonkey.office.jwp.support.ActionComboBoxTest" time="0.005"/>
    <testcase name="testValidList" classname="jmonkey.office.jwp.support.ActionComboBoxTest" time="0.013"/>
    <testcase name="testNull" classname="jmonkey.office.jwp.support.ActionComboBoxTest" time="0.003"/>
    <testcase name="testListWithOneInvalid" classname="jmonkey.office.jwp.support.ActionComboBoxTest" time="0.009"/>
    <testcase name="testListOfOneInvalid" classname="jmonkey.office.jwp.support.ActionComboBoxTest" time="0.009"/>
    <testcase name="testSelection" classname="jmonkey.office.jwp.support.ActionComboBoxTest" time="0.011"/>
    <testcase name="testAdditionOfItems" classname="jmonkey.office.jwp.support.ActionComboBoxTest" time="0.009"/>
    <testcase name="testInsertItemAt" classname="jmonkey.office.jwp.support.ActionComboBoxTest" time="0.02"/>
    <testcase name="testRemoveItem" classname="jmonkey.office.jwp.support.ActionComboBoxTest" time="0.028">
      <error>java.lang.UnsupportedOperationException: removeItem(Object)
	at jmonkey.office.jwp.support.ActionComboBox.removeItem(ActionComboBox.java:91)
	at jmonkey.office.jwp.support.ActionComboBoxTest.testRemoveItem(ActionComboBoxTest.java:243)
	at sun.reflect.NativeMethodAccessorImpl.invoke0(Native Method)
	at sun.reflect.NativeMethodAccessorImpl.invoke(NativeMethodAccessorImpl.java:39)
	at sun.reflect.DelegatingMethodAccessorImpl.invoke(DelegatingMethodAccessorImpl.java:25)
	at java.lang.reflect.Method.invoke(Method.java:597)
	at org.junit.runners.model.FrameworkMethod$1.runReflectiveCall(FrameworkMethod.java:44)
	at org.junit.internal.runners.model.ReflectiveCallable.run(ReflectiveCallable.java:15)
	at org.junit.runners.model.FrameworkMethod.invokeExplosively(FrameworkMethod.java:41)
	at org.junit.internal.runners.statements.InvokeMethod.evaluate(InvokeMethod.java:20)
	at org.junit.runners.BlockJUnit4ClassRunner.runNotIgnored(BlockJUnit4ClassRunner.java:79)
	at org.junit.runners.BlockJUnit4ClassRunner.runChild(BlockJUnit4ClassRunner.java:71)
	at org.junit.runners.BlockJUnit4ClassRunner.runChild(BlockJUnit4ClassRunner.java:49)
	at org.junit.runners.ParentRunner$3.run(ParentRunner.java:193)
	at org.junit.runners.ParentRunner$1.schedule(ParentRunner.java:52)
	at org.junit.runners.ParentRunner.runChildren(ParentRunner.java:191)
	at org.junit.runners.ParentRunner.access$000(ParentRunner.java:42)
	at org.junit.runners.ParentRunner$2.evaluate(ParentRunner.java:184)
	at org.junit.runners.ParentRunner.run(ParentRunner.java:236)
	at org.eclipse.jdt.internal.junit4.runner.JUnit4TestReference.run(JUnit4TestReference.java:50)
	at org.eclipse.jdt.internal.junit.runner.TestExecution.run(TestExecution.java:38)
	at org.eclipse.jdt.internal.junit.runner.RemoteTestRunner.runTests(RemoteTestRunner.java:467)
	at org.eclipse.jdt.internal.junit.runner.RemoteTestRunner.runTests(RemoteTestRunner.java:683)
	at org.eclipse.jdt.internal.junit.runner.RemoteTestRunner.run(RemoteTestRunner.java:390)
	at org.eclipse.jdt.internal.junit.runner.RemoteTestRunner.main(RemoteTestRunner.java:197)

</error>
    </testcase>
    <testcase name="testRemoveItemAt" classname="jmonkey.office.jwp.support.ActionComboBoxTest" time="0.01">
      <error>java.lang.UnsupportedOperationException: removeItemAt(int)
	at jmonkey.office.jwp.support.ActionComboBox.removeItemAt(ActionComboBox.java:96)
	at jmonkey.office.jwp.support.ActionComboBoxTest.testRemoveItemAt(ActionComboBoxTest.java:264)
	at sun.reflect.NativeMethodAccessorImpl.invoke0(Native Method)
	at sun.reflect.NativeMethodAccessorImpl.invoke(NativeMethodAccessorImpl.java:39)
	at sun.reflect.DelegatingMethodAccessorImpl.invoke(DelegatingMethodAccessorImpl.java:25)
	at java.lang.reflect.Method.invoke(Method.java:597)
	at org.junit.runners.model.FrameworkMethod$1.runReflectiveCall(FrameworkMethod.java:44)
	at org.junit.internal.runners.model.ReflectiveCallable.run(ReflectiveCallable.java:15)
	at org.junit.runners.model.FrameworkMethod.invokeExplosively(FrameworkMethod.java:41)
	at org.junit.internal.runners.statements.InvokeMethod.evaluate(InvokeMethod.java:20)
	at org.junit.runners.BlockJUnit4ClassRunner.runNotIgnored(BlockJUnit4ClassRunner.java:79)
	at org.junit.runners.BlockJUnit4ClassRunner.runChild(BlockJUnit4ClassRunner.java:71)
	at org.junit.runners.BlockJUnit4ClassRunner.runChild(BlockJUnit4ClassRunner.java:49)
	at org.junit.runners.ParentRunner$3.run(ParentRunner.java:193)
	at org.junit.runners.ParentRunner$1.schedule(ParentRunner.java:52)
	at org.junit.runners.ParentRunner.runChildren(ParentRunner.java:191)
	at org.junit.runners.ParentRunner.access$000(ParentRunner.java:42)
	at org.junit.runners.ParentRunner$2.evaluate(ParentRunner.java:184)
	at org.junit.runners.ParentRunner.run(ParentRunner.java:236)
	at org.eclipse.jdt.internal.junit4.runner.JUnit4TestReference.run(JUnit4TestReference.java:50)
	at org.eclipse.jdt.internal.junit.runner.TestExecution.run(TestExecution.java:38)
	at org.eclipse.jdt.internal.junit.runner.RemoteTestRunner.runTests(RemoteTestRunner.java:467)
	at org.eclipse.jdt.internal.junit.runner.RemoteTestRunner.runTests(RemoteTestRunner.java:683)
	at org.eclipse.jdt.internal.junit.runner.RemoteTestRunner.run(RemoteTestRunner.java:390)
	at org.eclipse.jdt.internal.junit.runner.RemoteTestRunner.main(RemoteTestRunner.java:197)

</error>
    </testcase>
    <testcase name="testRemoveAll" classname="jmonkey.office.jwp.support.ActionComboBoxTest" time="0.015"/>
  </testsuite>
  <testsuite name="jmonkey.office.jwp.support.editors.TEXTEditorTest" time="0.024">
    <testcase name="test_construction" classname="jmonkey.office.jwp.support.editors.TEXTEditorTest" time="0.008"/>
    <testcase name="test_documentSetSelection" classname="jmonkey.office.jwp.support.editors.TEXTEditorTest" time="0.008"/>
    <testcase name="test_hasBeenActivated" classname="jmonkey.office.jwp.support.editors.TEXTEditorTest" time="0.008"/>
  </testsuite>
  <testsuite name="jmonkey.office.jwp.support.editors.StyledEditorTest" time="0.026">
    <testcase name="test_construction" classname="jmonkey.office.jwp.support.editors.StyledEditorTest" time="0.007"/>
    <testcase name="test_documentSetSelection" classname="jmonkey.office.jwp.support.editors.StyledEditorTest" time="0.007"/>
    <testcase name="test_hasBeenActivated" classname="jmonkey.office.jwp.support.editors.StyledEditorTest" time="0.012"/>
  </testsuite>
  <testsuite name="jmonkey.office.jwp.support.EditorTest" time="0.038">
    <testcase name="testEditorCreatedForText" classname="jmonkey.office.jwp.support.EditorTest" time="0.013"/>
    <testcase name="testEditorCreatedForExtension" classname="jmonkey.office.jwp.support.EditorTest" time="0.014"/>
    <testcase name="testUndoManagerInit" classname="jmonkey.office.jwp.support.EditorTest" time="0.005"/>
    <testcase name="testRegistryInit" classname="jmonkey.office.jwp.support.EditorTest" time="0.006"/>
  </testsuite>
  <testsuite name="jmonkey.office.jwp.JWPTest" time="0.011">
    <testcase name="testInitializationOfRgistry" classname="jmonkey.office.jwp.JWPTest" time="0.011"/>
  </testsuite>
  <testsuite name="jmonkey.export.RegistryImplTest" time="0.126">
    <testcase name="test_RegistryImpl1_Null" classname="jmonkey.export.RegistryImplTest" time="0.0"/>
    <testcase name="test_RegistryImpl1_valid" classname="jmonkey.export.RegistryImplTest" time="0.0"/>
    <testcase name="test_RegistryImpl2_emptyFile" classname="jmonkey.export.RegistryImplTest" time="0.001"/>
    <testcase name="test_RegistryImpl2_invalidVersion" classname="jmonkey.export.RegistryImplTest" time="0.002"/>
    <testcase name="test_toString" classname="jmonkey.export.RegistryImplTest" time="0.005"/>
    <testcase name="test_commit" classname="jmonkey.export.RegistryImplTest" time="0.003"/>
    <testcase name="test_revert" classname="jmonkey.export.RegistryImplTest" time="0.001"/>
    <testcase name="test_stringToVersion_valid" classname="jmonkey.export.RegistryImplTest" time="0.009"/>
    <testcase name="test_stringToVersion_null" classname="jmonkey.export.RegistryImplTest" time="0.0">
      <failure>java.lang.AssertionError: unexpected IllegalArgumentException in test_stringToVersion
	at org.junit.Assert.fail(Assert.java:91)
	at jmonkey.export.RegistryImplTest.test_stringToVersion_null(RegistryImplTest.java:142)
	at sun.reflect.NativeMethodAccessorImpl.invoke0(Native Method)
	at sun.reflect.NativeMethodAccessorImpl.invoke(NativeMethodAccessorImpl.java:39)
	at sun.reflect.DelegatingMethodAccessorImpl.invoke(DelegatingMethodAccessorImpl.java:25)
	at java.lang.reflect.Method.invoke(Method.java:597)
	at org.junit.runners.model.FrameworkMethod$1.runReflectiveCall(FrameworkMethod.java:44)
	at org.junit.internal.runners.model.ReflectiveCallable.run(ReflectiveCallable.java:15)
	at org.junit.runners.model.FrameworkMethod.invokeExplosively(FrameworkMethod.java:41)
	at org.junit.internal.runners.statements.InvokeMethod.evaluate(InvokeMethod.java:20)
	at org.junit.runners.BlockJUnit4ClassRunner.runNotIgnored(BlockJUnit4ClassRunner.java:79)
	at org.junit.runners.BlockJUnit4ClassRunner.runChild(BlockJUnit4ClassRunner.java:71)
	at org.junit.runners.BlockJUnit4ClassRunner.runChild(BlockJUnit4ClassRunner.java:49)
	at org.junit.runners.ParentRunner$3.run(ParentRunner.java:193)
	at org.junit.runners.ParentRunner$1.schedule(ParentRunner.java:52)
	at org.junit.runners.ParentRunner.runChildren(ParentRunner.java:191)
	at org.junit.runners.ParentRunner.access$000(ParentRunner.java:42)
	at org.junit.runners.ParentRunner$2.evaluate(ParentRunner.java:184)
	at org.junit.runners.ParentRunner.run(ParentRunner.java:236)
	at org.eclipse.jdt.internal.junit4.runner.JUnit4TestReference.run(JUnit4TestReference.java:50)
	at org.eclipse.jdt.internal.junit.runner.TestExecution.run(TestExecution.java:38)
	at org.eclipse.jdt.internal.junit.runner.RemoteTestRunner.runTests(RemoteTestRunner.java:467)
	at org.eclipse.jdt.internal.junit.runner.RemoteTestRunner.runTests(RemoteTestRunner.java:683)
	at org.eclipse.jdt.internal.junit.runner.RemoteTestRunner.run(RemoteTestRunner.java:390)
	at org.eclipse.jdt.internal.junit.runner.RemoteTestRunner.main(RemoteTestRunner.java:197)

</failure>
    </testcase>
    <testcase name="test_versionToString_valid" classname="jmonkey.export.RegistryImplTest" time="0.0"/>
    <testcase name="test_checkVersion_valid" classname="jmonkey.export.RegistryImplTest" time="0.0"/>
    <testcase name="test_checkVersion_invalid" classname="jmonkey.export.RegistryImplTest" time="0.0"/>
    <testcase name="test_setBasicProperty_valid" classname="jmonkey.export.RegistryImplTest" time="0.0"/>
    <testcase name="test_setBasicProperty_invalidValue" classname="jmonkey.export.RegistryImplTest" time="0.0"/>
    <testcase name="test_getBasicProperty_missingKey" classname="jmonkey.export.RegistryImplTest" time="0.0"/>
    <testcase name="test_isArrayType" classname="jmonkey.export.RegistryImplTest" time="0.001"/>
    <testcase name="test_isArrayType_nullGroup" classname="jmonkey.export.RegistryImplTest" time="0.0"/>
    <testcase name="test_isArrayType_nullKey" classname="jmonkey.export.RegistryImplTest" time="0.001"/>
    <testcase name="test_getType" classname="jmonkey.export.RegistryImplTest" time="0.0"/>
    <testcase name="test_getType_nullGroup" classname="jmonkey.export.RegistryImplTest" time="0.001"/>
    <testcase name="test_getType_nullKey" classname="jmonkey.export.RegistryImplTest" time="0.0"/>
    <testcase name="test_typeToMarker_valid" classname="jmonkey.export.RegistryImplTest" time="0.0"/>
    <testcase name="test_MarkerToType_valid" classname="jmonkey.export.RegistryImplTest" time="0.0"/>
    <testcase name="test_typeToMarker_invalid" classname="jmonkey.export.RegistryImplTest" time="0.001"/>
    <testcase name="test_markerToType_valid" classname="jmonkey.export.RegistryImplTest" time="0.0"/>
    <testcase name="test_markerToType_invalid" classname="jmonkey.export.RegistryImplTest" time="0.0"/>
    <testcase name="test_markerToType_null" classname="jmonkey.export.RegistryImplTest" time="0.001">
      <error>java.lang.NullPointerException
	at jmonkey.export.RegistryImpl.markerToType(RegistryImpl.java:434)
	at jmonkey.export.RegistryImplTest.test_markerToType_null(RegistryImplTest.java:522)
	at sun.reflect.NativeMethodAccessorImpl.invoke0(Native Method)
	at sun.reflect.NativeMethodAccessorImpl.invoke(NativeMethodAccessorImpl.java:39)
	at sun.reflect.DelegatingMethodAccessorImpl.invoke(DelegatingMethodAccessorImpl.java:25)
	at java.lang.reflect.Method.invoke(Method.java:597)
	at org.junit.runners.model.FrameworkMethod$1.runReflectiveCall(FrameworkMethod.java:44)
	at org.junit.internal.runners.model.ReflectiveCallable.run(ReflectiveCallable.java:15)
	at org.junit.runners.model.FrameworkMethod.invokeExplosively(FrameworkMethod.java:41)
	at org.junit.internal.runners.statements.InvokeMethod.evaluate(InvokeMethod.java:20)
	at org.junit.runners.BlockJUnit4ClassRunner.runNotIgnored(BlockJUnit4ClassRunner.java:79)
	at org.junit.runners.BlockJUnit4ClassRunner.runChild(BlockJUnit4ClassRunner.java:71)
	at org.junit.runners.BlockJUnit4ClassRunner.runChild(BlockJUnit4ClassRunner.java:49)
	at org.junit.runners.ParentRunner$3.run(ParentRunner.java:193)
	at org.junit.runners.ParentRunner$1.schedule(ParentRunner.java:52)
	at org.junit.runners.ParentRunner.runChildren(ParentRunner.java:191)
	at org.junit.runners.ParentRunner.access$000(ParentRunner.java:42)
	at org.junit.runners.ParentRunner$2.evaluate(ParentRunner.java:184)
	at org.junit.runners.ParentRunner.run(ParentRunner.java:236)
	at org.eclipse.jdt.internal.junit4.runner.JUnit4TestReference.run(JUnit4TestReference.java:50)
	at org.eclipse.jdt.internal.junit.runner.TestExecution.run(TestExecution.java:38)
	at org.eclipse.jdt.internal.junit.runner.RemoteTestRunner.runTests(RemoteTestRunner.java:467)
	at org.eclipse.jdt.internal.junit.runner.RemoteTestRunner.runTests(RemoteTestRunner.java:683)
	at org.eclipse.jdt.internal.junit.runner.RemoteTestRunner.run(RemoteTestRunner.java:390)
	at org.eclipse.jdt.internal.junit.runner.RemoteTestRunner.main(RemoteTestRunner.java:197)

</error>
    </testcase>
    <testcase name="test_encode_valid" classname="jmonkey.export.RegistryImplTest" time="0.005"/>
    <testcase name="test_encode_null" classname="jmonkey.export.RegistryImplTest" time="0.0"/>
    <testcase name="test_decode_valid" classname="jmonkey.export.RegistryImplTest" time="0.002"/>
    <testcase name="test_decode_null" classname="jmonkey.export.RegistryImplTest" time="0.0"/>
    <testcase name="test_getters" classname="jmonkey.export.RegistryImplTest" time="0.092">
      <error>jmonkey.export.RegistryTypeException: a property of type int[] cannot be set: group = inta, key = -84|-19|0|5|117|114|0|2|91|73|77|-70|96|38|118|-22|-78|-91|2|0|0|120|112|0|0|0|1|0|0|0|0|
	at jmonkey.export.RegistryGroup.checkValue(RegistryGroup.java:148)
	at jmonkey.export.RegistryGroup.setProperty(RegistryGroup.java:90)
	at jmonkey.export.RegistryImpl.setBasicProperty(RegistryImpl.java:328)
	at jmonkey.export.RegistryImpl.setProperty(RegistryImpl.java:672)
	at jmonkey.export.RegistryImplTest.test_getters(RegistryImplTest.java:667)
	at sun.reflect.NativeMethodAccessorImpl.invoke0(Native Method)
	at sun.reflect.NativeMethodAccessorImpl.invoke(NativeMethodAccessorImpl.java:39)
	at sun.reflect.DelegatingMethodAccessorImpl.invoke(DelegatingMethodAccessorImpl.java:25)
	at java.lang.reflect.Method.invoke(Method.java:597)
	at org.junit.runners.model.FrameworkMethod$1.runReflectiveCall(FrameworkMethod.java:44)
	at org.junit.internal.runners.model.ReflectiveCallable.run(ReflectiveCallable.java:15)
	at org.junit.runners.model.FrameworkMethod.invokeExplosively(FrameworkMethod.java:41)
	at org.junit.internal.runners.statements.InvokeMethod.evaluate(InvokeMethod.java:20)
	at org.junit.runners.BlockJUnit4ClassRunner.runNotIgnored(BlockJUnit4ClassRunner.java:79)
	at org.junit.runners.BlockJUnit4ClassRunner.runChild(BlockJUnit4ClassRunner.java:71)
	at org.junit.runners.BlockJUnit4ClassRunner.runChild(BlockJUnit4ClassRunner.java:49)
	at org.junit.runners.ParentRunner$3.run(ParentRunner.java:193)
	at org.junit.runners.ParentRunner$1.schedule(ParentRunner.java:52)
	at org.junit.runners.ParentRunner.runChildren(ParentRunner.java:191)
	at org.junit.runners.ParentRunner.access$000(ParentRunner.java:42)
	at org.junit.runners.ParentRunner$2.evaluate(ParentRunner.java:184)
	at org.junit.runners.ParentRunner.run(ParentRunner.java:236)
	at org.eclipse.jdt.internal.junit4.runner.JUnit4TestReference.run(JUnit4TestReference.java:50)
	at org.eclipse.jdt.internal.junit.runner.TestExecution.run(TestExecution.java:38)
	at org.eclipse.jdt.internal.junit.runner.RemoteTestRunner.runTests(RemoteTestRunner.java:467)
	at org.eclipse.jdt.internal.junit.runner.RemoteTestRunner.runTests(RemoteTestRunner.java:683)
	at org.eclipse.jdt.internal.junit.runner.RemoteTestRunner.run(RemoteTestRunner.java:390)
	at org.eclipse.jdt.internal.junit.runner.RemoteTestRunner.main(RemoteTestRunner.java:197)

</error>
    </testcase>
  </testsuite>
</testrun>
