<?xml version="1.0" encoding="UTF-8"?>
<testrun name="ActionComboBoxTest" project="JWP" tests="12" started="12" failures="0" errors="2" ignored="0">
  <testsuite name="jmonkey.office.jwp.support.ActionComboBoxTest" time="1.122">
    <testcase name="testNoItems" classname="jmonkey.office.jwp.support.ActionComboBoxTest" time="0.463"/>
    <testcase name="testEmptyList" classname="jmonkey.office.jwp.support.ActionComboBoxTest" time="0.004"/>
    <testcase name="testValidList" classname="jmonkey.office.jwp.support.ActionComboBoxTest" time="0.518"/>
    <testcase name="testNull" classname="jmonkey.office.jwp.support.ActionComboBoxTest" time="0.004"/>
    <testcase name="testListWithOneInvalid" classname="jmonkey.office.jwp.support.ActionComboBoxTest" time="0.014"/>
    <testcase name="testListOfOneInvalid" classname="jmonkey.office.jwp.support.ActionComboBoxTest" time="0.011"/>
    <testcase name="testSelection" classname="jmonkey.office.jwp.support.ActionComboBoxTest" time="0.012"/>
    <testcase name="testAdditionOfItems" classname="jmonkey.office.jwp.support.ActionComboBoxTest" time="0.01"/>
    <testcase name="testInsertItemAt" classname="jmonkey.office.jwp.support.ActionComboBoxTest" time="0.023"/>
    <testcase name="testRemoveItem" classname="jmonkey.office.jwp.support.ActionComboBoxTest" time="0.02">
      <error>java.lang.UnsupportedOperationException: removeItem(Object)
	at jmonkey.office.jwp.support.ActionComboBox.removeItem(ActionComboBox.java:89)
	at jmonkey.office.jwp.support.ActionComboBoxTest.testRemoveItem(ActionComboBoxTest.java:243)
	at sun.reflect.NativeMethodAccessorImpl.invoke0(Native Method)
	at sun.reflect.NativeMethodAccessorImpl.invoke(NativeMethodAccessorImpl.java:39)
	at sun.reflect.DelegatingMethodAccessorImpl.invoke(DelegatingMethodAccessorImpl.java:25)
	at java.lang.reflect.Method.invoke(Method.java:597)
	at org.junit.runners.model.FrameworkMethod$1.runReflectiveCall(FrameworkMethod.java:44)
	at org.junit.internal.runners.model.ReflectiveCallable.run(ReflectiveCallable.java:15)
	at org.junit.runners.model.FrameworkMethod.invokeExplosively(FrameworkMethod.java:41)
	at org.junit.internal.runners.statements.InvokeMethod.evaluate(InvokeMethod.java:20)
	at org.junit.runners.BlockJUnit4ClassRunner.runNotIgnored(BlockJUnit4ClassRunner.java:79)
	at org.junit.runners.BlockJUnit4ClassRunner.runChild(BlockJUnit4ClassRunner.java:71)
	at org.junit.runners.BlockJUnit4ClassRunner.runChild(BlockJUnit4ClassRunner.java:49)
	at org.junit.runners.ParentRunner$3.run(ParentRunner.java:193)
	at org.junit.runners.ParentRunner$1.schedule(ParentRunner.java:52)
	at org.junit.runners.ParentRunner.runChildren(ParentRunner.java:191)
	at org.junit.runners.ParentRunner.access$000(ParentRunner.java:42)
	at org.junit.runners.ParentRunner$2.evaluate(ParentRunner.java:184)
	at org.junit.runners.ParentRunner.run(ParentRunner.java:236)
	at org.eclipse.jdt.internal.junit4.runner.JUnit4TestReference.run(JUnit4TestReference.java:50)
	at org.eclipse.jdt.internal.junit.runner.TestExecution.run(TestExecution.java:38)
	at org.eclipse.jdt.internal.junit.runner.RemoteTestRunner.runTests(RemoteTestRunner.java:467)
	at org.eclipse.jdt.internal.junit.runner.RemoteTestRunner.runTests(RemoteTestRunner.java:683)
	at org.eclipse.jdt.internal.junit.runner.RemoteTestRunner.run(RemoteTestRunner.java:390)
	at org.eclipse.jdt.internal.junit.runner.RemoteTestRunner.main(RemoteTestRunner.java:197)

</error>
    </testcase>
    <testcase name="testRemoveItemAt" classname="jmonkey.office.jwp.support.ActionComboBoxTest" time="0.012">
      <error>java.lang.UnsupportedOperationException: removeItemAt(int)
	at jmonkey.office.jwp.support.ActionComboBox.removeItemAt(ActionComboBox.java:94)
	at jmonkey.office.jwp.support.ActionComboBoxTest.testRemoveItemAt(ActionComboBoxTest.java:264)
	at sun.reflect.NativeMethodAccessorImpl.invoke0(Native Method)
	at sun.reflect.NativeMethodAccessorImpl.invoke(NativeMethodAccessorImpl.java:39)
	at sun.reflect.DelegatingMethodAccessorImpl.invoke(DelegatingMethodAccessorImpl.java:25)
	at java.lang.reflect.Method.invoke(Method.java:597)
	at org.junit.runners.model.FrameworkMethod$1.runReflectiveCall(FrameworkMethod.java:44)
	at org.junit.internal.runners.model.ReflectiveCallable.run(ReflectiveCallable.java:15)
	at org.junit.runners.model.FrameworkMethod.invokeExplosively(FrameworkMethod.java:41)
	at org.junit.internal.runners.statements.InvokeMethod.evaluate(InvokeMethod.java:20)
	at org.junit.runners.BlockJUnit4ClassRunner.runNotIgnored(BlockJUnit4ClassRunner.java:79)
	at org.junit.runners.BlockJUnit4ClassRunner.runChild(BlockJUnit4ClassRunner.java:71)
	at org.junit.runners.BlockJUnit4ClassRunner.runChild(BlockJUnit4ClassRunner.java:49)
	at org.junit.runners.ParentRunner$3.run(ParentRunner.java:193)
	at org.junit.runners.ParentRunner$1.schedule(ParentRunner.java:52)
	at org.junit.runners.ParentRunner.runChildren(ParentRunner.java:191)
	at org.junit.runners.ParentRunner.access$000(ParentRunner.java:42)
	at org.junit.runners.ParentRunner$2.evaluate(ParentRunner.java:184)
	at org.junit.runners.ParentRunner.run(ParentRunner.java:236)
	at org.eclipse.jdt.internal.junit4.runner.JUnit4TestReference.run(JUnit4TestReference.java:50)
	at org.eclipse.jdt.internal.junit.runner.TestExecution.run(TestExecution.java:38)
	at org.eclipse.jdt.internal.junit.runner.RemoteTestRunner.runTests(RemoteTestRunner.java:467)
	at org.eclipse.jdt.internal.junit.runner.RemoteTestRunner.runTests(RemoteTestRunner.java:683)
	at org.eclipse.jdt.internal.junit.runner.RemoteTestRunner.run(RemoteTestRunner.java:390)
	at org.eclipse.jdt.internal.junit.runner.RemoteTestRunner.main(RemoteTestRunner.java:197)

</error>
    </testcase>
    <testcase name="testRemoveAll" classname="jmonkey.office.jwp.support.ActionComboBoxTest" time="0.031"/>
  </testsuite>
</testrun>
